<?xml version="1.0" encoding="UTF-8"?>
<testsuite name="com.stackroute.ng2boot.Ng2bootApplicationTests" time="0.014" tests="1" errors="1" skipped="0" failures="0">
  <properties>
[...]
</properties>
  <testcase name="contextLoads" classname="com.stackroute.ng2boot.Ng2bootApplicationTests" time="0.014">
    <error message="Failed to load ApplicationContext" type="java.lang.IllegalStateException">java.lang.IllegalStateException: Failed to load ApplicationContext
	at org.springframework.test.context.cache.DefaultCacheAwareContextLoaderDelegate.loadContext(DefaultCacheAwareContextLoaderDelegate.java:124)
	at org.springframework.test.context.support.DefaultTestContext.getApplicationContext(DefaultTestContext.java:83)
	at org.springframework.test.context.web.ServletTestExecutionListener.setUpRequestContextIfNecessary(ServletTestExecutionListener.java:189)
	at org.springframework.test.context.web.ServletTestExecutionListener.prepareTestInstance(ServletTestExecutionListener.java:131)
	at org.springframework.test.context.TestContextManager.prepareTestInstance(TestContextManager.java:230)
	at org.springframework.test.context.junit4.SpringJUnit4ClassRunner.createTest(SpringJUnit4ClassRunner.java:228)
	at org.springframework.test.context.junit4.SpringJUnit4ClassRunner$1.runReflectiveCall(SpringJUnit4ClassRunner.java:287)
	at org.junit.internal.runners.model.ReflectiveCallable.run(ReflectiveCallable.java:12)
	at org.springframework.test.context.junit4.SpringJUnit4ClassRunner.methodBlock(SpringJUnit4ClassRunner.java:289)
	at org.springframework.test.context.junit4.SpringJUnit4ClassRunner.runChild(SpringJUnit4ClassRunner.java:247)
	at org.springframework.test.context.junit4.SpringJUnit4ClassRunner.runChild(SpringJUnit4ClassRunner.java:94)
	at org.junit.runners.ParentRunner$3.run(ParentRunner.java:290)
	at org.junit.runners.ParentRunner$1.schedule(ParentRunner.java:71)
	at org.junit.runners.ParentRunner.runChildren(ParentRunner.java:288)
	at org.junit.runners.ParentRunner.access$000(ParentRunner.java:58)
	at org.junit.runners.ParentRunner$2.evaluate(ParentRunner.java:268)
	at org.springframework.test.context.junit4.statements.RunBeforeTestClassCallbacks.evaluate(RunBeforeTestClassCallbacks.java:61)
	at org.springframework.test.context.junit4.statements.RunAfterTestClassCallbacks.evaluate(RunAfterTestClassCallbacks.java:70)
	at org.junit.runners.ParentRunner.run(ParentRunner.java:363)
	at org.springframework.test.context.junit4.SpringJUnit4ClassRunner.run(SpringJUnit4ClassRunner.java:191)
	at org.apache.maven.surefire.junit4.JUnit4Provider.execute(JUnit4Provider.java:283)
	at org.apache.maven.surefire.junit4.JUnit4Provider.executeWithRerun(JUnit4Provider.java:173)
	at org.apache.maven.surefire.junit4.JUnit4Provider.executeTestSet(JUnit4Provider.java:153)
	at org.apache.maven.surefire.junit4.JUnit4Provider.invoke(JUnit4Provider.java:128)
	at org.apache.maven.surefire.booter.ForkedBooter.invokeProviderInSameClassLoader(ForkedBooter.java:203)
	at org.apache.maven.surefire.booter.ForkedBooter.runSuitesInProcess(ForkedBooter.java:155)
	at org.apache.maven.surefire.booter.ForkedBooter.main(ForkedBooter.java:103)
Caused by: org.springframework.beans.factory.BeanCreationException: Error creating bean with name 'entityManagerFactory' defined in class path resource [org/springframework/boot/autoconfigure/orm/jpa/HibernateJpaAutoConfiguration.class]: Invocation of init method failed; nested exception is org.hibernate.AnnotationException: No identifier specified for entity: com.stackroute.ng2boot.domain.User
	at org.springframework.beans.factory.support.AbstractAutowireCapableBeanFactory.initializeBean(AbstractAutowireCapableBeanFactory.java:1583)
	at org.springframework.beans.factory.support.AbstractAutowireCapableBeanFactory.doCreateBean(AbstractAutowireCapableBeanFactory.java:545)
	at org.springframework.beans.factory.support.AbstractAutowireCapableBeanFactory.createBean(AbstractAutowireCapableBeanFactory.java:482)
	at org.springframework.beans.factory.support.AbstractBeanFactory$1.getObject(AbstractBeanFactory.java:306)
	at org.springframework.beans.factory.support.DefaultSingletonBeanRegistry.getSingleton(DefaultSingletonBeanRegistry.java:230)
	at org.springframework.beans.factory.support.AbstractBeanFactory.doGetBean(AbstractBeanFactory.java:302)
	at org.springframework.beans.factory.support.AbstractBeanFactory.getBean(AbstractBeanFactory.java:197)
	at org.springframework.context.support.AbstractApplicationContext.getBean(AbstractApplicationContext.java:1076)
	at org.springframework.context.support.AbstractApplicationContext.finishBeanFactoryInitialization(AbstractApplicationContext.java:851)
	at org.springframework.context.support.AbstractApplicationContext.refresh(AbstractApplicationContext.java:541)
	at org.springframework.boot.SpringApplication.refresh(SpringApplication.java:761)
	at org.springframework.boot.SpringApplication.refreshContext(SpringApplication.java:371)
	at org.springframework.boot.SpringApplication.run(SpringApplication.java:315)
	at org.springframework.boot.test.context.SpringBootContextLoader.loadContext(SpringBootContextLoader.java:111)
	at org.springframework.test.context.cache.DefaultCacheAwareContextLoaderDelegate.loadContextInternal(DefaultCacheAwareContextLoaderDelegate.java:98)
	at org.springframework.test.context.cache.DefaultCacheAwareContextLoaderDelegate.loadContext(DefaultCacheAwareContextLoaderDelegate.java:116)
	at org.springframework.test.context.support.DefaultTestContext.getApplicationContext(DefaultTestContext.java:83)
	at org.springframework.test.context.web.ServletTestExecutionListener.setUpRequestContextIfNecessary(ServletTestExecutionListener.java:189)
	at org.springframework.test.context.web.ServletTestExecutionListener.prepareTestInstance(ServletTestExecutionListener.java:131)
	at org.springframework.test.context.TestContextManager.prepareTestInstance(TestContextManager.java:230)
	at org.springframework.test.context.junit4.SpringJUnit4ClassRunner.createTest(SpringJUnit4ClassRunner.java:228)
	at org.springframework.test.context.junit4.SpringJUnit4ClassRunner$1.runReflectiveCall(SpringJUnit4ClassRunner.java:287)
	at org.junit.internal.runners.model.ReflectiveCallable.run(ReflectiveCallable.java:12)
	at org.springframework.test.context.junit4.SpringJUnit4ClassRunner.methodBlock(SpringJUnit4ClassRunner.java:289)
	at org.springframework.test.context.junit4.SpringJUnit4ClassRunner.runChild(SpringJUnit4ClassRunner.java:247)
	at org.springframework.test.context.junit4.SpringJUnit4ClassRunner.runChild(SpringJUnit4ClassRunner.java:94)
	at org.junit.runners.ParentRunner$3.run(ParentRunner.java:290)
	at org.junit.runners.ParentRunner$1.schedule(ParentRunner.java:71)
	at org.junit.runners.ParentRunner.runChildren(ParentRunner.java:288)
	at org.junit.runners.ParentRunner.access$000(ParentRunner.java:58)
	at org.junit.runners.ParentRunner$2.evaluate(ParentRunner.java:268)
	at org.springframework.test.context.junit4.statements.RunBeforeTestClassCallbacks.evaluate(RunBeforeTestClassCallbacks.java:61)
	at org.springframework.test.context.junit4.statements.RunAfterTestClassCallbacks.evaluate(RunAfterTestClassCallbacks.java:70)
	at org.junit.runners.ParentRunner.run(ParentRunner.java:363)
	at org.springframework.test.context.junit4.SpringJUnit4ClassRunner.run(SpringJUnit4ClassRunner.java:191)
	at org.apache.maven.surefire.junit4.JUnit4Provider.execute(JUnit4Provider.java:283)
	at org.apache.maven.surefire.junit4.JUnit4Provider.executeWithRerun(JUnit4Provider.java:173)
	at org.apache.maven.surefire.junit4.JUnit4Provider.executeTestSet(JUnit4Provider.java:153)
	at org.apache.maven.surefire.junit4.JUnit4Provider.invoke(JUnit4Provider.java:128)
	at org.apache.maven.surefire.booter.ForkedBooter.invokeProviderInSameClassLoader(ForkedBooter.java:203)
	at org.apache.maven.surefire.booter.ForkedBooter.runSuitesInProcess(ForkedBooter.java:155)
	at org.apache.maven.surefire.booter.ForkedBooter.main(ForkedBooter.java:103)
Caused by: org.hibernate.AnnotationException: No identifier specified for entity: com.stackroute.ng2boot.domain.User
	at org.hibernate.cfg.InheritanceState.determineDefaultAccessType(InheritanceState.java:265)
	at org.hibernate.cfg.InheritanceState.getElementsToProcess(InheritanceState.java:211)
	at org.hibernate.cfg.AnnotationBinder.bindClass(AnnotationBinder.java:717)
	at org.hibernate.boot.model.source.internal.annotations.AnnotationMetadataSourceProcessorImpl.processEntityHierarchies(AnnotationMetadataSourceProcessorImpl.java:245)
	at org.hibernate.boot.model.process.spi.MetadataBuildingProcess$1.processEntityHierarchies(MetadataBuildingProcess.java:222)
	at org.hibernate.boot.model.process.spi.MetadataBuildingProcess.complete(MetadataBuildingProcess.java:265)
	at org.hibernate.jpa.boot.internal.EntityManagerFactoryBuilderImpl.metadata(EntityManagerFactoryBuilderImpl.java:847)
	at org.hibernate.jpa.boot.internal.EntityManagerFactoryBuilderImpl.build(EntityManagerFactoryBuilderImpl.java:874)
	at org.springframework.orm.jpa.vendor.SpringHibernateJpaPersistenceProvider.createContainerEntityManagerFactory(SpringHibernateJpaPersistenceProvider.java:60)
	at org.springframework.orm.jpa.LocalContainerEntityManagerFactoryBean.createNativeEntityManagerFactory(LocalContainerEntityManagerFactoryBean.java:353)
	at org.springframework.orm.jpa.AbstractEntityManagerFactoryBean.buildNativeEntityManagerFactory(AbstractEntityManagerFactoryBean.java:373)
	at org.springframework.orm.jpa.AbstractEntityManagerFactoryBean.afterPropertiesSet(AbstractEntityManagerFactoryBean.java:362)
	at org.springframework.beans.factory.support.AbstractAutowireCapableBeanFactory.invokeInitMethods(AbstractAutowireCapableBeanFactory.java:1642)
	at org.springframework.beans.factory.support.AbstractAutowireCapableBeanFactory.initializeBean(AbstractAutowireCapableBeanFactory.java:1579)
	at org.springframework.beans.factory.support.AbstractAutowireCapableBeanFactory.doCreateBean(AbstractAutowireCapableBeanFactory.java:545)
	at org.springframework.beans.factory.support.AbstractAutowireCapableBeanFactory.createBean(AbstractAutowireCapableBeanFactory.java:482)
	at org.springframework.beans.factory.support.AbstractBeanFactory$1.getObject(AbstractBeanFactory.java:306)
	at org.springframework.beans.factory.support.DefaultSingletonBeanRegistry.getSingleton(DefaultSingletonBeanRegistry.java:230)
	at org.springframework.beans.factory.support.AbstractBeanFactory.doGetBean(AbstractBeanFactory.java:302)
	at org.springframework.beans.factory.support.AbstractBeanFactory.getBean(AbstractBeanFactory.java:197)
	at org.springframework.context.support.AbstractApplicationContext.getBean(AbstractApplicationContext.java:1076)
	at org.springframework.context.support.AbstractApplicationContext.finishBeanFactoryInitialization(AbstractApplicationContext.java:851)
	at org.springframework.context.support.AbstractApplicationContext.refresh(AbstractApplicationContext.java:541)
	at org.springframework.boot.SpringApplication.refresh(SpringApplication.java:761)
	at org.springframework.boot.SpringApplication.refreshContext(SpringApplication.java:371)
	at org.springframework.boot.SpringApplication.run(SpringApplication.java:315)
	at org.springframework.boot.test.context.SpringBootContextLoader.loadContext(SpringBootContextLoader.java:111)
	at org.springframework.test.context.cache.DefaultCacheAwareContextLoaderDelegate.loadContextInternal(DefaultCacheAwareContextLoaderDelegate.java:98)
	at org.springframework.test.context.cache.DefaultCacheAwareContextLoaderDelegate.loadContext(DefaultCacheAwareContextLoaderDelegate.java:116)
	at org.springframework.test.context.support.DefaultTestContext.getApplicationContext(DefaultTestContext.java:83)
	at org.springframework.test.context.web.ServletTestExecutionListener.setUpRequestContextIfNecessary(ServletTestExecutionListener.java:189)
	at org.springframework.test.context.web.ServletTestExecutionListener.prepareTestInstance(ServletTestExecutionListener.java:131)
	at org.springframework.test.context.TestContextManager.prepareTestInstance(TestContextManager.java:230)
	at org.springframework.test.context.junit4.SpringJUnit4ClassRunner.createTest(SpringJUnit4ClassRunner.java:228)
	at org.springframework.test.context.junit4.SpringJUnit4ClassRunner$1.runReflectiveCall(SpringJUnit4ClassRunner.java:287)
	at org.junit.internal.runners.model.ReflectiveCallable.run(ReflectiveCallable.java:12)
	at org.springframework.test.context.junit4.SpringJUnit4ClassRunner.methodBlock(SpringJUnit4ClassRunner.java:289)
	at org.springframework.test.context.junit4.SpringJUnit4ClassRunner.runChild(SpringJUnit4ClassRunner.java:247)
	at org.springframework.test.context.junit4.SpringJUnit4ClassRunner.runChild(SpringJUnit4ClassRunner.java:94)
	at org.junit.runners.ParentRunner$3.run(ParentRunner.java:290)
	at org.junit.runners.ParentRunner$1.schedule(ParentRunner.java:71)
	at org.junit.runners.ParentRunner.runChildren(ParentRunner.java:288)
	at org.junit.runners.ParentRunner.access$000(ParentRunner.java:58)
	at org.junit.runners.ParentRunner$2.evaluate(ParentRunner.java:268)
	at org.springframework.test.context.junit4.statements.RunBeforeTestClassCallbacks.evaluate(RunBeforeTestClassCallbacks.java:61)
	at org.springframework.test.context.junit4.statements.RunAfterTestClassCallbacks.evaluate(RunAfterTestClassCallbacks.java:70)
	at org.junit.runners.ParentRunner.run(ParentRunner.java:363)
	at org.springframework.test.context.junit4.SpringJUnit4ClassRunner.run(SpringJUnit4ClassRunner.java:191)
	at org.apache.maven.surefire.junit4.JUnit4Provider.execute(JUnit4Provider.java:283)
	at org.apache.maven.surefire.junit4.JUnit4Provider.executeWithRerun(JUnit4Provider.java:173)
	at org.apache.maven.surefire.junit4.JUnit4Provider.executeTestSet(JUnit4Provider.java:153)
	at org.apache.maven.surefire.junit4.JUnit4Provider.invoke(JUnit4Provider.java:128)
	at org.apache.maven.surefire.booter.ForkedBooter.invokeProviderInSameClassLoader(ForkedBooter.java:203)
	at org.apache.maven.surefire.booter.ForkedBooter.runSuitesInProcess(ForkedBooter.java:155)
	at org.apache.maven.surefire.booter.ForkedBooter.main(ForkedBooter.java:103)
</error>
    <system-out><![CDATA[[DEBUG] 2017-06-05 17:02:30.907 [main] SpringJUnit4ClassRunner - SpringJUnit4ClassRunner constructor called with [class com.stackroute.ng2boot.Ng2bootApplicationTests]
[DEBUG] 2017-06-05 17:02:30.911 [main] BootstrapUtils - Instantiating CacheAwareContextLoaderDelegate from class [org.springframework.test.context.cache.DefaultCacheAwareContextLoaderDelegate]
[DEBUG] 2017-06-05 17:02:30.923 [main] BootstrapUtils - Instantiating BootstrapContext using constructor [public org.springframework.test.context.support.DefaultBootstrapContext(java.lang.Class,org.springframework.test.context.CacheAwareContextLoaderDelegate)]
[DEBUG] 2017-06-05 17:02:30.948 [main] BootstrapUtils - Instantiating TestContextBootstrapper for test class [com.stackroute.ng2boot.Ng2bootApplicationTests] from class [org.springframework.boot.test.context.SpringBootTestContextBootstrapper]
[INFO ] 2017-06-05 17:02:30.964 [main] SpringBootTestContextBootstrapper - Neither @ContextConfiguration nor @ContextHierarchy found for test class [com.stackroute.ng2boot.Ng2bootApplicationTests], using SpringBootContextLoader
[DEBUG] 2017-06-05 17:02:30.968 [main] AbstractContextLoader - Did not detect default resource location for test class [com.stackroute.ng2boot.Ng2bootApplicationTests]: class path resource [com/stackroute/ng2boot/Ng2bootApplicationTests-context.xml] does not exist
[DEBUG] 2017-06-05 17:02:30.968 [main] AbstractContextLoader - Did not detect default resource location for test class [com.stackroute.ng2boot.Ng2bootApplicationTests]: class path resource [com/stackroute/ng2boot/Ng2bootApplicationTestsContext.groovy] does not exist
[INFO ] 2017-06-05 17:02:30.968 [main] AbstractContextLoader - Could not detect default resource locations for test class [com.stackroute.ng2boot.Ng2bootApplicationTests]: no resource found for suffixes {-context.xml, Context.groovy}.
[INFO ] 2017-06-05 17:02:30.970 [main] AnnotationConfigContextLoaderUtils - Could not detect default configuration classes for test class [com.stackroute.ng2boot.Ng2bootApplicationTests]: Ng2bootApplicationTests does not declare any static, non-private, non-final, nested classes annotated with @Configuration.
[DEBUG] 2017-06-05 17:02:31.000 [main] ActiveProfilesUtils - Could not find an 'annotation declaring class' for annotation type [org.springframework.test.context.ActiveProfiles] and class [com.stackroute.ng2boot.Ng2bootApplicationTests]
[DEBUG] 2017-06-05 17:02:31.060 [main] StandardEnvironment - Adding [systemProperties] PropertySource with lowest search precedence
[DEBUG] 2017-06-05 17:02:31.064 [main] StandardEnvironment - Adding [systemEnvironment] PropertySource with lowest search precedence
[DEBUG] 2017-06-05 17:02:31.065 [main] StandardEnvironment - Initialized StandardEnvironment with PropertySources [systemProperties,systemEnvironment]
[DEBUG] 2017-06-05 17:02:31.074 [main] PathMatchingResourcePatternResolver - Resolved classpath location [com/stackroute/ng2boot/] to resources [URL [file:/home/user/Downloads/part1_movieapp-starter/spring-rest/target/test-classes/com/stackroute/ng2boot/], URL [file:/home/user/Downloads/part1_movieapp-starter/spring-rest/target/classes/com/stackroute/ng2boot/]]
[DEBUG] 2017-06-05 17:02:31.074 [main] PathMatchingResourcePatternResolver - Looking for matching resources in directory tree [/home/user/Downloads/part1_movieapp-starter/spring-rest/target/test-classes/com/stackroute/ng2boot]
[DEBUG] 2017-06-05 17:02:31.075 [main] PathMatchingResourcePatternResolver - Searching directory [/home/user/Downloads/part1_movieapp-starter/spring-rest/target/test-classes/com/stackroute/ng2boot] for files matching pattern [/home/user/Downloads/part1_movieapp-starter/spring-rest/target/test-classes/com/stackroute/ng2boot/*.class]
[DEBUG] 2017-06-05 17:02:31.078 [main] PathMatchingResourcePatternResolver - Looking for matching resources in directory tree [/home/user/Downloads/part1_movieapp-starter/spring-rest/target/classes/com/stackroute/ng2boot]
[DEBUG] 2017-06-05 17:02:31.078 [main] PathMatchingResourcePatternResolver - Searching directory [/home/user/Downloads/part1_movieapp-starter/spring-rest/target/classes/com/stackroute/ng2boot] for files matching pattern [/home/user/Downloads/part1_movieapp-starter/spring-rest/target/classes/com/stackroute/ng2boot/*.class]
[DEBUG] 2017-06-05 17:02:31.079 [main] PathMatchingResourcePatternResolver - Resolved location pattern [classpath*:com/stackroute/ng2boot/*.class] to resources [file [/home/user/Downloads/part1_movieapp-starter/spring-rest/target/test-classes/com/stackroute/ng2boot/Ng2bootApplicationTests.class], file [/home/user/Downloads/part1_movieapp-starter/spring-rest/target/classes/com/stackroute/ng2boot/Ng2bootApplication.class]]
[DEBUG] 2017-06-05 17:02:31.126 [main] ClassPathScanningCandidateComponentProvider - Identified candidate component class: file [/home/user/Downloads/part1_movieapp-starter/spring-rest/target/classes/com/stackroute/ng2boot/Ng2bootApplication.class]
[INFO ] 2017-06-05 17:02:31.127 [main] SpringBootTestContextBootstrapper - Found @SpringBootConfiguration com.stackroute.ng2boot.Ng2bootApplication for test class com.stackroute.ng2boot.Ng2bootApplicationTests
[DEBUG] 2017-06-05 17:02:31.133 [main] SpringBootTestContextBootstrapper - @TestExecutionListeners is not present for class [com.stackroute.ng2boot.Ng2bootApplicationTests]: using defaults.
[INFO ] 2017-06-05 17:02:31.137 [main] SpringBootTestContextBootstrapper - Loaded default TestExecutionListener class names from location [META-INF/spring.factories]: [org.springframework.boot.test.mock.mockito.MockitoTestExecutionListener, org.springframework.boot.test.mock.mockito.ResetMocksTestExecutionListener, org.springframework.boot.test.autoconfigure.restdocs.RestDocsTestExecutionListener, org.springframework.boot.test.autoconfigure.web.client.MockRestServiceServerResetTestExecutionListener, org.springframework.boot.test.autoconfigure.web.servlet.MockMvcPrintOnlyOnFailureTestExecutionListener, org.springframework.boot.test.autoconfigure.web.servlet.WebDriverTestExecutionListener, org.springframework.test.context.web.ServletTestExecutionListener, org.springframework.test.context.support.DirtiesContextBeforeModesTestExecutionListener, org.springframework.test.context.support.DependencyInjectionTestExecutionListener, org.springframework.test.context.support.DirtiesContextTestExecutionListener, org.springframework.test.context.transaction.TransactionalTestExecutionListener, org.springframework.test.context.jdbc.SqlScriptsTestExecutionListener]
[INFO ] 2017-06-05 17:02:31.165 [main] SpringBootTestContextBootstrapper - Using TestExecutionListeners: [org.springframework.test.context.web.ServletTestExecutionListener@38467116, org.springframework.test.context.support.DirtiesContextBeforeModesTestExecutionListener@5b7a7f33, org.springframework.boot.test.autoconfigure.SpringBootDependencyInjectionTestExecutionListener@790da477, org.springframework.test.context.support.DirtiesContextTestExecutionListener@5c7933ad, org.springframework.test.context.transaction.TransactionalTestExecutionListener@57bc27f5, org.springframework.test.context.jdbc.SqlScriptsTestExecutionListener@5fb759d6, org.springframework.boot.test.mock.mockito.ResetMocksTestExecutionListener@4b8d604b, org.springframework.boot.test.autoconfigure.web.servlet.WebDriverTestExecutionListener@5e7cd6cc, org.springframework.boot.test.autoconfigure.restdocs.RestDocsTestExecutionListener@68c9d179, org.springframework.boot.test.autoconfigure.web.servlet.MockMvcPrintOnlyOnFailureTestExecutionListener@d554c5f, org.springframework.boot.test.mock.mockito.MockitoTestExecutionListener@2dfaea86, org.springframework.boot.test.autoconfigure.web.client.MockRestServiceServerResetTestExecutionListener@15888343]
[DEBUG] 2017-06-05 17:02:31.172 [main] ProfileValueUtils - Retrieved @ProfileValueSourceConfiguration [null] for test class [com.stackroute.ng2boot.Ng2bootApplicationTests]
[DEBUG] 2017-06-05 17:02:31.173 [main] ProfileValueUtils - Retrieved ProfileValueSource type [class org.springframework.test.annotation.SystemProfileValueSource] for class [com.stackroute.ng2boot.Ng2bootApplicationTests]
[DEBUG] 2017-06-05 17:02:31.181 [main] SpringJUnit4ClassRunner - SpringJUnit4ClassRunner constructor called with [class com.stackroute.ng2boot.Ng2bootApplicationTests]
[DEBUG] 2017-06-05 17:02:31.181 [main] BootstrapUtils - Instantiating CacheAwareContextLoaderDelegate from class [org.springframework.test.context.cache.DefaultCacheAwareContextLoaderDelegate]
[DEBUG] 2017-06-05 17:02:31.182 [main] BootstrapUtils - Instantiating BootstrapContext using constructor [public org.springframework.test.context.support.DefaultBootstrapContext(java.lang.Class,org.springframework.test.context.CacheAwareContextLoaderDelegate)]
[DEBUG] 2017-06-05 17:02:31.182 [main] BootstrapUtils - Instantiating TestContextBootstrapper for test class [com.stackroute.ng2boot.Ng2bootApplicationTests] from class [org.springframework.boot.test.context.SpringBootTestContextBootstrapper]
[INFO ] 2017-06-05 17:02:31.183 [main] SpringBootTestContextBootstrapper - Neither @ContextConfiguration nor @ContextHierarchy found for test class [com.stackroute.ng2boot.Ng2bootApplicationTests], using SpringBootContextLoader
[DEBUG] 2017-06-05 17:02:31.183 [main] AbstractContextLoader - Did not detect default resource location for test class [com.stackroute.ng2boot.Ng2bootApplicationTests]: class path resource [com/stackroute/ng2boot/Ng2bootApplicationTests-context.xml] does not exist
[DEBUG] 2017-06-05 17:02:31.184 [main] AbstractContextLoader - Did not detect default resource location for test class [com.stackroute.ng2boot.Ng2bootApplicationTests]: class path resource [com/stackroute/ng2boot/Ng2bootApplicationTestsContext.groovy] does not exist
[INFO ] 2017-06-05 17:02:31.184 [main] AbstractContextLoader - Could not detect default resource locations for test class [com.stackroute.ng2boot.Ng2bootApplicationTests]: no resource found for suffixes {-context.xml, Context.groovy}.
[INFO ] 2017-06-05 17:02:31.185 [main] AnnotationConfigContextLoaderUtils - Could not detect default configuration classes for test class [com.stackroute.ng2boot.Ng2bootApplicationTests]: Ng2bootApplicationTests does not declare any static, non-private, non-final, nested classes annotated with @Configuration.
[DEBUG] 2017-06-05 17:02:31.196 [main] ActiveProfilesUtils - Could not find an 'annotation declaring class' for annotation type [org.springframework.test.context.ActiveProfiles] and class [com.stackroute.ng2boot.Ng2bootApplicationTests]
[DEBUG] 2017-06-05 17:02:31.199 [main] StandardEnvironment - Adding [systemProperties] PropertySource with lowest search precedence
[DEBUG] 2017-06-05 17:02:31.199 [main] StandardEnvironment - Adding [systemEnvironment] PropertySource with lowest search precedence
[DEBUG] 2017-06-05 17:02:31.201 [main] StandardEnvironment - Initialized StandardEnvironment with PropertySources [systemProperties,systemEnvironment]
[INFO ] 2017-06-05 17:02:31.201 [main] SpringBootTestContextBootstrapper - Found @SpringBootConfiguration com.stackroute.ng2boot.Ng2bootApplication for test class com.stackroute.ng2boot.Ng2bootApplicationTests
[DEBUG] 2017-06-05 17:02:31.205 [main] SpringBootTestContextBootstrapper - @TestExecutionListeners is not present for class [com.stackroute.ng2boot.Ng2bootApplicationTests]: using defaults.
[INFO ] 2017-06-05 17:02:31.213 [main] SpringBootTestContextBootstrapper - Loaded default TestExecutionListener class names from location [META-INF/spring.factories]: [org.springframework.boot.test.mock.mockito.MockitoTestExecutionListener, org.springframework.boot.test.mock.mockito.ResetMocksTestExecutionListener, org.springframework.boot.test.autoconfigure.restdocs.RestDocsTestExecutionListener, org.springframework.boot.test.autoconfigure.web.client.MockRestServiceServerResetTestExecutionListener, org.springframework.boot.test.autoconfigure.web.servlet.MockMvcPrintOnlyOnFailureTestExecutionListener, org.springframework.boot.test.autoconfigure.web.servlet.WebDriverTestExecutionListener, org.springframework.test.context.web.ServletTestExecutionListener, org.springframework.test.context.support.DirtiesContextBeforeModesTestExecutionListener, org.springframework.test.context.support.DependencyInjectionTestExecutionListener, org.springframework.test.context.support.DirtiesContextTestExecutionListener, org.springframework.test.context.transaction.TransactionalTestExecutionListener, org.springframework.test.context.jdbc.SqlScriptsTestExecutionListener]
[INFO ] 2017-06-05 17:02:31.225 [main] SpringBootTestContextBootstrapper - Using TestExecutionListeners: [org.springframework.test.context.web.ServletTestExecutionListener@46d59067, org.springframework.test.context.support.DirtiesContextBeforeModesTestExecutionListener@2d0399f4, org.springframework.boot.test.autoconfigure.SpringBootDependencyInjectionTestExecutionListener@14dd7b39, org.springframework.test.context.support.DirtiesContextTestExecutionListener@66ea810, org.springframework.test.context.transaction.TransactionalTestExecutionListener@6cd24612, org.springframework.test.context.jdbc.SqlScriptsTestExecutionListener@5dafbe45, org.springframework.boot.test.mock.mockito.ResetMocksTestExecutionListener@2254127a, org.springframework.boot.test.autoconfigure.web.servlet.WebDriverTestExecutionListener@51891008, org.springframework.boot.test.autoconfigure.restdocs.RestDocsTestExecutionListener@2f953efd, org.springframework.boot.test.autoconfigure.web.servlet.MockMvcPrintOnlyOnFailureTestExecutionListener@f68f0dc, org.springframework.boot.test.mock.mockito.MockitoTestExecutionListener@d2de489, org.springframework.boot.test.autoconfigure.web.client.MockRestServiceServerResetTestExecutionListener@14bdbc74]
[DEBUG] 2017-06-05 17:02:31.225 [main] ProfileValueUtils - Retrieved @ProfileValueSourceConfiguration [null] for test class [com.stackroute.ng2boot.Ng2bootApplicationTests]
[DEBUG] 2017-06-05 17:02:31.225 [main] ProfileValueUtils - Retrieved ProfileValueSource type [class org.springframework.test.annotation.SystemProfileValueSource] for class [com.stackroute.ng2boot.Ng2bootApplicationTests]
[DEBUG] 2017-06-05 17:02:31.227 [main] ProfileValueUtils - Retrieved @ProfileValueSourceConfiguration [null] for test class [com.stackroute.ng2boot.Ng2bootApplicationTests]
[DEBUG] 2017-06-05 17:02:31.228 [main] ProfileValueUtils - Retrieved ProfileValueSource type [class org.springframework.test.annotation.SystemProfileValueSource] for class [com.stackroute.ng2boot.Ng2bootApplicationTests]
[DEBUG] 2017-06-05 17:02:31.237 [main] AbstractDirtiesContextTestExecutionListener - Before test class: context [DefaultTestContext@1c9b0314 testClass = Ng2bootApplicationTests, testInstance = [null], testMethod = [null], testException = [null], mergedContextConfiguration = [WebMergedContextConfiguration@45385f75 testClass = Ng2bootApplicationTests, locations = '{}', classes = '{class com.stackroute.ng2boot.Ng2bootApplication}', contextInitializerClasses = '[]', activeProfiles = '{}', propertySourceLocations = '{}', propertySourceProperties = '{org.springframework.boot.test.context.SpringBootTestContextBootstrapper=true}', contextCustomizers = set[org.springframework.boot.test.context.SpringBootTestContextCustomizer@55536d9e, org.springframework.boot.test.context.filter.ExcludeFilterContextCustomizer@62230c58, org.springframework.boot.test.mock.mockito.MockitoContextCustomizer@0, org.springframework.boot.test.autoconfigure.properties.PropertyMappingContextCustomizer@0, org.springframework.boot.test.autoconfigure.web.servlet.WebDriverContextCustomizerFactory$Customizer@1b6e1eff], resourceBasePath = 'src/main/webapp', contextLoader = 'org.springframework.boot.test.context.SpringBootContextLoader', parent = [null]]], class annotated with @DirtiesContext [false] with mode [null].
[DEBUG] 2017-06-05 17:02:31.239 [main] ProfileValueUtils - Retrieved @ProfileValueSourceConfiguration [null] for test class [com.stackroute.ng2boot.Ng2bootApplicationTests]
[DEBUG] 2017-06-05 17:02:31.239 [main] ProfileValueUtils - Retrieved ProfileValueSource type [class org.springframework.test.annotation.SystemProfileValueSource] for class [com.stackroute.ng2boot.Ng2bootApplicationTests]
[DEBUG] 2017-06-05 17:02:31.287 [main] StandardEnvironment - Adding [systemProperties] PropertySource with lowest search precedence
[DEBUG] 2017-06-05 17:02:31.287 [main] StandardEnvironment - Adding [systemEnvironment] PropertySource with lowest search precedence
[DEBUG] 2017-06-05 17:02:31.287 [main] StandardEnvironment - Initialized StandardEnvironment with PropertySources [systemProperties,systemEnvironment]
[DEBUG] 2017-06-05 17:02:31.289 [main] TestPropertySourceUtils - Adding inlined properties to environment: {spring.jmx.enabled=false, org.springframework.boot.test.context.SpringBootTestContextBootstrapper=true, server.port=-1}
[DEBUG] 2017-06-05 17:02:31.289 [main] StandardEnvironment - Adding [Inlined Test Properties] PropertySource with highest search precedence
[DEBUG] 2017-06-05 17:02:31.497 [main] ClasspathLoggingApplicationListener - Application started with classpath: [file:/home/user/Downloads/part1_movieapp-starter/spring-rest/target/surefire/surefirebooter9161173068680582978.jar]
[DEBUG] 2017-06-05 17:02:31.500 [main] PropertySourcesPropertyResolver - Could not find key 'context.listener.classes' in any property source
[DEBUG] 2017-06-05 17:02:31.503 [main] PropertySourcesPropertyResolver - Could not find key 'banner.image.location' in any property source
[DEBUG] 2017-06-05 17:02:31.505 [main] PropertySourcesPropertyResolver - Could not find key 'banner.location' in any property source

  .   ____          _            __ _ _
 /\\ / ___'_ __ _ _(_)_ __  __ _ \ \ \ \
( ( )\___ | '_ | '_| | '_ \/ _` | \ \ \ \
 \\/  ___)| |_)| | | | | || (_| |  ) ) ) )
  '  |____| .__|_| |_|_| |_\__, | / / / /
 =========|_|==============|___/=/_/_/_/
 :: Spring Boot ::        (v1.4.1.RELEASE)

[DEBUG] 2017-06-05 17:02:31.581 [main] PropertySourcesPropertyResolver - Could not find key 'context.initializer.classes' in any property source
[DEBUG] 2017-06-05 17:02:31.582 [main] PropertySourcesPropertyResolver - Could not find key 'spring.config.name:application' in any property source
[DEBUG] 2017-06-05 17:02:31.582 [main] PropertySourcesPropertyResolver - Could not find key 'spring.config.name' in any property source
[DEBUG] 2017-06-05 17:02:31.582 [main] PropertySourcesPropertyResolver - Could not find key 'vcap.application.name:application' in any property source
[DEBUG] 2017-06-05 17:02:31.583 [main] PropertySourcesPropertyResolver - Could not find key 'vcap.application.name' in any property source
[DEBUG] 2017-06-05 17:02:31.583 [main] PropertySourcesPropertyResolver - Could not find key 'spring.application.name:application' in any property source
[DEBUG] 2017-06-05 17:02:31.583 [main] PropertySourcesPropertyResolver - Could not find key 'spring.application.name' in any property source
[DEBUG] 2017-06-05 17:02:31.583 [main] PropertySourcesPropertyResolver - Could not find key 'PORT:null' in any property source
[DEBUG] 2017-06-05 17:02:31.583 [main] PropertySourcesPropertyResolver - Could not find key 'PORT' in any property source
[DEBUG] 2017-06-05 17:02:31.584 [main] PropertySourcesPropertyResolver - Could not find key 'server.port:null' in any property source
[DEBUG] 2017-06-05 17:02:31.584 [main] PropertySourcesPropertyResolver - Found key 'server.port' in [Inlined Test Properties] with type [String]
[DEBUG] 2017-06-05 17:02:31.584 [main] PropertySourcesPropertyResolver - Could not find key 'spring.application.index:-1' in any property source
[DEBUG] 2017-06-05 17:02:31.584 [main] PropertySourcesPropertyResolver - Could not find key 'spring.application.index' in any property source
[DEBUG] 2017-06-05 17:02:31.584 [main] PropertySourcesPropertyResolver - Could not find key 'vcap.application.instance_index:-1' in any property source
[DEBUG] 2017-06-05 17:02:31.585 [main] PropertySourcesPropertyResolver - Could not find key 'vcap.application.instance_index' in any property source
[DEBUG] 2017-06-05 17:02:31.585 [main] PropertySourcesPropertyResolver - Found key 'spring.profiles.active' in [applicationConfigurationProperties] with type [String]
[DEBUG] 2017-06-05 17:02:31.615 [main] DefaultListableBeanFactory - Returning cached instance of singleton bean 'autoConfigurationReport'
[INFO ] 2017-06-05 17:02:31.620 [main] Ng2bootApplicationTests - Starting Ng2bootApplicationTests on user-ThinkPad-T430s with PID 16776 (started by user in /home/user/Downloads/part1_movieapp-starter/spring-rest)
[DEBUG] 2017-06-05 17:02:31.620 [main] Ng2bootApplicationTests - Running with Spring Boot v1.4.1.RELEASE, Spring v4.3.3.RELEASE
[DEBUG] 2017-06-05 17:02:31.624 [main] PropertySourcesPropertyResolver - Found key 'spring.profiles.active' in [applicationConfigurationProperties] with type [String]
[DEBUG] 2017-06-05 17:02:31.625 [main] PropertySourcesPropertyResolver - Could not find key 'spring.profiles.default' in any property source
[INFO ] 2017-06-05 17:02:31.625 [main] Ng2bootApplicationTests - No active profile set, falling back to default profiles: default
[DEBUG] 2017-06-05 17:02:31.629 [main] SpringApplication - Loading source class com.stackroute.ng2boot.Ng2bootApplication
[DEBUG] 2017-06-05 17:02:31.668 [main] ClassPathBeanDefinitionScanner - JSR-250 'javax.annotation.ManagedBean' found and supported for component scanning
[DEBUG] 2017-06-05 17:02:31.685 [main] ConfigFileApplicationListener - Loaded config file 'file:/home/user/Downloads/part1_movieapp-starter/spring-rest/target/classes/application.properties' (classpath:/application.properties)
[DEBUG] 2017-06-05 17:02:31.685 [main] ConfigFileApplicationListener - Skipped (empty) config file 'file:/home/user/Downloads/part1_movieapp-starter/spring-rest/target/classes/application.properties' (classpath:/application.properties) for profile default
[INFO ] 2017-06-05 17:02:31.691 [main] GenericWebApplicationContext - Refreshing org.springframework.web.context.support.GenericWebApplicationContext@4f3bbf68: startup date [Mon Jun 05 17:02:31 IST 2017]; root of context hierarchy
[DEBUG] 2017-06-05 17:02:31.691 [main] GenericWebApplicationContext - Bean factory for org.springframework.web.context.support.GenericWebApplicationContext@4f3bbf68: org.springframework.beans.factory.support.DefaultListableBeanFactory@6d1ef78d: defining beans [org.springframework.boot.test.mock.mockito.MockitoPostProcessor$SpyPostProcessor,org.springframework.boot.test.mock.mockito.MockitoPostProcessor,org.springframework.context.annotation.internalConfigurationAnnotationProcessor,org.springframework.context.annotation.internalAutowiredAnnotationProcessor,org.springframework.context.annotation.internalRequiredAnnotationProcessor,org.springframework.context.annotation.internalCommonAnnotationProcessor,org.springframework.context.annotation.internalPersistenceAnnotationProcessor,org.springframework.context.event.internalEventListenerProcessor,org.springframework.context.event.internalEventListenerFactory,ng2bootApplication]; root of factory hierarchy
[DEBUG] 2017-06-05 17:02:31.743 [main] DefaultListableBeanFactory - Registering scope 'request' with implementation [org.springframework.web.context.request.RequestScope@55322aab]
[DEBUG] 2017-06-05 17:02:31.744 [main] DefaultListableBeanFactory - Registering scope 'session' with implementation [org.springframework.web.context.request.SessionScope@50468873]
[DEBUG] 2017-06-05 17:02:31.744 [main] DefaultListableBeanFactory - Registering scope 'globalSession' with implementation [org.springframework.web.context.request.SessionScope@146587a2]
[DEBUG] 2017-06-05 17:02:31.745 [main] DefaultListableBeanFactory - Registering scope 'application' with implementation [org.springframework.web.context.support.ServletContextScope@126945f9]
[DEBUG] 2017-06-05 17:02:31.763 [main] DefaultListableBeanFactory - Creating shared instance of singleton bean 'org.springframework.context.annotation.internalConfigurationAnnotationProcessor'
[DEBUG] 2017-06-05 17:02:31.764 [main] DefaultListableBeanFactory - Creating instance of bean 'org.springframework.context.annotation.internalConfigurationAnnotationProcessor'
[DEBUG] 2017-06-05 17:02:31.774 [main] DefaultListableBeanFactory - Eagerly caching bean 'org.springframework.context.annotation.internalConfigurationAnnotationProcessor' to allow for resolving potential circular references
[DEBUG] 2017-06-05 17:02:31.810 [main] DefaultListableBeanFactory - Creating shared instance of singleton bean 'org.springframework.boot.autoconfigure.internalCachingMetadataReaderFactory'
[DEBUG] 2017-06-05 17:02:31.812 [main] DefaultListableBeanFactory - Creating instance of bean 'org.springframework.boot.autoconfigure.internalCachingMetadataReaderFactory'
[DEBUG] 2017-06-05 17:02:31.812 [main] DefaultListableBeanFactory - Eagerly caching bean 'org.springframework.boot.autoconfigure.internalCachingMetadataReaderFactory' to allow for resolving potential circular references
[DEBUG] 2017-06-05 17:02:31.816 [main] DefaultListableBeanFactory - Finished creating instance of bean 'org.springframework.boot.autoconfigure.internalCachingMetadataReaderFactory'
[DEBUG] 2017-06-05 17:02:31.844 [main] DefaultListableBeanFactory - Finished creating instance of bean 'org.springframework.context.annotation.internalConfigurationAnnotationProcessor'
[DEBUG] 2017-06-05 17:02:31.885 [main] StandardEnvironment - Adding [systemProperties] PropertySource with lowest search precedence
[DEBUG] 2017-06-05 17:02:31.885 [main] StandardEnvironment - Adding [systemEnvironment] PropertySource with lowest search precedence
[DEBUG] 2017-06-05 17:02:31.897 [main] StandardEnvironment - Initialized StandardEnvironment with PropertySources [systemProperties,systemEnvironment]
[DEBUG] 2017-06-05 17:02:31.897 [main] ClassPathBeanDefinitionScanner - JSR-250 'javax.annotation.ManagedBean' found and supported for component scanning
[DEBUG] 2017-06-05 17:02:31.902 [main] PathMatchingResourcePatternResolver - Resolved classpath location [com/stackroute/ng2boot/] to resources [URL [file:/home/user/Downloads/part1_movieapp-starter/spring-rest/target/test-classes/com/stackroute/ng2boot/], URL [file:/home/user/Downloads/part1_movieapp-starter/spring-rest/target/classes/com/stackroute/ng2boot/]]
[DEBUG] 2017-06-05 17:02:31.903 [main] PathMatchingResourcePatternResolver - Looking for matching resources in directory tree [/home/user/Downloads/part1_movieapp-starter/spring-rest/target/test-classes/com/stackroute/ng2boot]
[DEBUG] 2017-06-05 17:02:31.903 [main] PathMatchingResourcePatternResolver - Searching directory [/home/user/Downloads/part1_movieapp-starter/spring-rest/target/test-classes/com/stackroute/ng2boot] for files matching pattern [/home/user/Downloads/part1_movieapp-starter/spring-rest/target/test-classes/com/stackroute/ng2boot/**/*.class]
[DEBUG] 2017-06-05 17:02:31.905 [main] PathMatchingResourcePatternResolver - Searching directory [/home/user/Downloads/part1_movieapp-starter/spring-rest/target/test-classes/com/stackroute/ng2boot/controllers] for files matching pattern [/home/user/Downloads/part1_movieapp-starter/spring-rest/target/test-classes/com/stackroute/ng2boot/**/*.class]
[DEBUG] 2017-06-05 17:02:31.906 [main] PathMatchingResourcePatternResolver - Looking for matching resources in directory tree [/home/user/Downloads/part1_movieapp-starter/spring-rest/target/classes/com/stackroute/ng2boot]
[DEBUG] 2017-06-05 17:02:31.906 [main] PathMatchingResourcePatternResolver - Searching directory [/home/user/Downloads/part1_movieapp-starter/spring-rest/target/classes/com/stackroute/ng2boot] for files matching pattern [/home/user/Downloads/part1_movieapp-starter/spring-rest/target/classes/com/stackroute/ng2boot/**/*.class]
[DEBUG] 2017-06-05 17:02:31.906 [main] PathMatchingResourcePatternResolver - Searching directory [/home/user/Downloads/part1_movieapp-starter/spring-rest/target/classes/com/stackroute/ng2boot/config] for files matching pattern [/home/user/Downloads/part1_movieapp-starter/spring-rest/target/classes/com/stackroute/ng2boot/**/*.class]
[DEBUG] 2017-06-05 17:02:31.907 [main] PathMatchingResourcePatternResolver - Searching directory [/home/user/Downloads/part1_movieapp-starter/spring-rest/target/classes/com/stackroute/ng2boot/controllers] for files matching pattern [/home/user/Downloads/part1_movieapp-starter/spring-rest/target/classes/com/stackroute/ng2boot/**/*.class]
[DEBUG] 2017-06-05 17:02:31.908 [main] PathMatchingResourcePatternResolver - Searching directory [/home/user/Downloads/part1_movieapp-starter/spring-rest/target/classes/com/stackroute/ng2boot/controllers/helpers] for files matching pattern [/home/user/Downloads/part1_movieapp-starter/spring-rest/target/classes/com/stackroute/ng2boot/**/*.class]
[DEBUG] 2017-06-05 17:02:31.909 [main] PathMatchingResourcePatternResolver - Searching directory [/home/user/Downloads/part1_movieapp-starter/spring-rest/target/classes/com/stackroute/ng2boot/domain] for files matching pattern [/home/user/Downloads/part1_movieapp-starter/spring-rest/target/classes/com/stackroute/ng2boot/**/*.class]
[DEBUG] 2017-06-05 17:02:31.909 [main] PathMatchingResourcePatternResolver - Searching directory [/home/user/Downloads/part1_movieapp-starter/spring-rest/target/classes/com/stackroute/ng2boot/repositories] for files matching pattern [/home/user/Downloads/part1_movieapp-starter/spring-rest/target/classes/com/stackroute/ng2boot/**/*.class]
[DEBUG] 2017-06-05 17:02:31.910 [main] PathMatchingResourcePatternResolver - Searching directory [/home/user/Downloads/part1_movieapp-starter/spring-rest/target/classes/com/stackroute/ng2boot/service] for files matching pattern [/home/user/Downloads/part1_movieapp-starter/spring-rest/target/classes/com/stackroute/ng2boot/**/*.class]
[DEBUG] 2017-06-05 17:02:31.914 [main] PathMatchingResourcePatternResolver - Resolved location pattern [classpath*:com/stackroute/ng2boot/**/*.class] to resources [file [/home/user/Downloads/part1_movieapp-starter/spring-rest/target/test-classes/com/stackroute/ng2boot/Ng2bootApplicationTests.class], file [/home/user/Downloads/part1_movieapp-starter/spring-rest/target/test-classes/com/stackroute/ng2boot/controllers/MovieRestControllerTest.class], file [/home/user/Downloads/part1_movieapp-starter/spring-rest/target/classes/com/stackroute/ng2boot/Ng2bootApplication.class], file [/home/user/Downloads/part1_movieapp-starter/spring-rest/target/classes/com/stackroute/ng2boot/config/SwaggerConfig.class], file [/home/user/Downloads/part1_movieapp-starter/spring-rest/target/classes/com/stackroute/ng2boot/controllers/HeteoasLinkAssembler.class], file [/home/user/Downloads/part1_movieapp-starter/spring-rest/target/classes/com/stackroute/ng2boot/controllers/HeteoasLinkAssemblerImpl.class], file [/home/user/Downloads/part1_movieapp-starter/spring-rest/target/classes/com/stackroute/ng2boot/controllers/MovieRestController.class], file [/home/user/Downloads/part1_movieapp-starter/spring-rest/target/classes/com/stackroute/ng2boot/controllers/UserRestController.class], file [/home/user/Downloads/part1_movieapp-starter/spring-rest/target/classes/com/stackroute/ng2boot/domain/Movie.class], file [/home/user/Downloads/part1_movieapp-starter/spring-rest/target/classes/com/stackroute/ng2boot/domain/User.class], file [/home/user/Downloads/part1_movieapp-starter/spring-rest/target/classes/com/stackroute/ng2boot/repositories/MovieRepository.class], file [/home/user/Downloads/part1_movieapp-starter/spring-rest/target/classes/com/stackroute/ng2boot/repositories/UserRepository.class], file [/home/user/Downloads/part1_movieapp-starter/spring-rest/target/classes/com/stackroute/ng2boot/service/MovieService.class], file [/home/user/Downloads/part1_movieapp-starter/spring-rest/target/classes/com/stackroute/ng2boot/service/MovieServiceImp.class], file [/home/user/Downloads/part1_movieapp-starter/spring-rest/target/classes/com/stackroute/ng2boot/service/UserService.class], file [/home/user/Downloads/part1_movieapp-starter/spring-rest/target/classes/com/stackroute/ng2boot/service/UserServiceImpl.class]]
[DEBUG] 2017-06-05 17:02:31.916 [main] DefaultListableBeanFactory - Returning cached instance of singleton bean 'org.springframework.boot.test.context.filter.TestTypeExcludeFilter'
[DEBUG] 2017-06-05 17:02:31.918 [main] DefaultListableBeanFactory - Returning cached instance of singleton bean 'org.springframework.boot.test.context.filter.TestTypeExcludeFilter'
[DEBUG] 2017-06-05 17:02:31.926 [main] DefaultListableBeanFactory - Returning cached instance of singleton bean 'org.springframework.boot.test.context.filter.TestTypeExcludeFilter'
[DEBUG] 2017-06-05 17:02:31.927 [main] ClassPathBeanDefinitionScanner - Identified candidate component class: file [/home/user/Downloads/part1_movieapp-starter/spring-rest/target/classes/com/stackroute/ng2boot/config/SwaggerConfig.class]
[DEBUG] 2017-06-05 17:02:31.928 [main] DefaultListableBeanFactory - Returning cached instance of singleton bean 'org.springframework.boot.test.context.filter.TestTypeExcludeFilter'
[DEBUG] 2017-06-05 17:02:31.929 [main] DefaultListableBeanFactory - Returning cached instance of singleton bean 'org.springframework.boot.test.context.filter.TestTypeExcludeFilter'
[DEBUG] 2017-06-05 17:02:31.931 [main] ClassPathBeanDefinitionScanner - Identified candidate component class: file [/home/user/Downloads/part1_movieapp-starter/spring-rest/target/classes/com/stackroute/ng2boot/controllers/HeteoasLinkAssemblerImpl.class]
[DEBUG] 2017-06-05 17:02:31.970 [main] DefaultListableBeanFactory - Returning cached instance of singleton bean 'org.springframework.boot.test.context.filter.TestTypeExcludeFilter'
[DEBUG] 2017-06-05 17:02:31.970 [main] ClassPathBeanDefinitionScanner - Identified candidate component class: file [/home/user/Downloads/part1_movieapp-starter/spring-rest/target/classes/com/stackroute/ng2boot/controllers/MovieRestController.class]
[DEBUG] 2017-06-05 17:02:31.974 [main] DefaultListableBeanFactory - Returning cached instance of singleton bean 'org.springframework.boot.test.context.filter.TestTypeExcludeFilter'
[DEBUG] 2017-06-05 17:02:31.974 [main] ClassPathBeanDefinitionScanner - Identified candidate component class: file [/home/user/Downloads/part1_movieapp-starter/spring-rest/target/classes/com/stackroute/ng2boot/controllers/UserRestController.class]
[DEBUG] 2017-06-05 17:02:31.979 [main] DefaultListableBeanFactory - Returning cached instance of singleton bean 'org.springframework.boot.test.context.filter.TestTypeExcludeFilter'
[DEBUG] 2017-06-05 17:02:31.985 [main] DefaultListableBeanFactory - Returning cached instance of singleton bean 'org.springframework.boot.test.context.filter.TestTypeExcludeFilter'
[DEBUG] 2017-06-05 17:02:31.992 [main] DefaultListableBeanFactory - Returning cached instance of singleton bean 'org.springframework.boot.test.context.filter.TestTypeExcludeFilter'
[DEBUG] 2017-06-05 17:02:31.992 [main] ClassPathBeanDefinitionScanner - Ignored because not a concrete top-level class: file [/home/user/Downloads/part1_movieapp-starter/spring-rest/target/classes/com/stackroute/ng2boot/repositories/MovieRepository.class]
[DEBUG] 2017-06-05 17:02:31.993 [main] DefaultListableBeanFactory - Returning cached instance of singleton bean 'org.springframework.boot.test.context.filter.TestTypeExcludeFilter'
[DEBUG] 2017-06-05 17:02:31.993 [main] ClassPathBeanDefinitionScanner - Ignored because not a concrete top-level class: file [/home/user/Downloads/part1_movieapp-starter/spring-rest/target/classes/com/stackroute/ng2boot/repositories/UserRepository.class]
[DEBUG] 2017-06-05 17:02:31.993 [main] DefaultListableBeanFactory - Returning cached instance of singleton bean 'org.springframework.boot.test.context.filter.TestTypeExcludeFilter'
[DEBUG] 2017-06-05 17:02:31.995 [main] DefaultListableBeanFactory - Returning cached instance of singleton bean 'org.springframework.boot.test.context.filter.TestTypeExcludeFilter'
[DEBUG] 2017-06-05 17:02:31.995 [main] ClassPathBeanDefinitionScanner - Identified candidate component class: file [/home/user/Downloads/part1_movieapp-starter/spring-rest/target/classes/com/stackroute/ng2boot/service/MovieServiceImp.class]
[DEBUG] 2017-06-05 17:02:31.996 [main] DefaultListableBeanFactory - Returning cached instance of singleton bean 'org.springframework.boot.test.context.filter.TestTypeExcludeFilter'
[DEBUG] 2017-06-05 17:02:31.997 [main] DefaultListableBeanFactory - Returning cached instance of singleton bean 'org.springframework.boot.test.context.filter.TestTypeExcludeFilter'
[DEBUG] 2017-06-05 17:02:31.997 [main] ClassPathBeanDefinitionScanner - Identified candidate component class: file [/home/user/Downloads/part1_movieapp-starter/spring-rest/target/classes/com/stackroute/ng2boot/service/UserServiceImpl.class]
[DEBUG] 2017-06-05 17:02:32.016 [main] StandardEnvironment - Adding [systemProperties] PropertySource with lowest search precedence
[DEBUG] 2017-06-05 17:02:32.016 [main] StandardEnvironment - Adding [systemEnvironment] PropertySource with lowest search precedence
[DEBUG] 2017-06-05 17:02:32.022 [main] StandardEnvironment - Initialized StandardEnvironment with PropertySources [systemProperties,systemEnvironment]
[DEBUG] 2017-06-05 17:02:32.022 [main] ClassPathBeanDefinitionScanner - JSR-250 'javax.annotation.ManagedBean' found and supported for component scanning
[DEBUG] 2017-06-05 17:02:32.023 [main] PathMatchingResourcePatternResolver - Resolved classpath location [springfox/documentation/swagger2/readers/parameter/] to resources []
[DEBUG] 2017-06-05 17:02:32.023 [main] PathMatchingResourcePatternResolver - Resolved location pattern [classpath*:springfox/documentation/swagger2/readers/parameter/**/*.class] to resources []
[DEBUG] 2017-06-05 17:02:32.023 [main] PathMatchingResourcePatternResolver - Resolved classpath location [springfox/documentation/swagger2/web/] to resources [URL [jar:file:/home/user/.m2/repository/io/springfox/springfox-swagger2/2.6.1/springfox-swagger2-2.6.1.jar!/springfox/documentation/swagger2/web/]]
[DEBUG] 2017-06-05 17:02:32.024 [main] PathMatchingResourcePatternResolver - Looking for matching resources in jar file [file:/home/user/.m2/repository/io/springfox/springfox-swagger2/2.6.1/springfox-swagger2-2.6.1.jar]
[DEBUG] 2017-06-05 17:02:32.025 [main] PathMatchingResourcePatternResolver - Resolved location pattern [classpath*:springfox/documentation/swagger2/web/**/*.class] to resources [URL [jar:file:/home/user/.m2/repository/io/springfox/springfox-swagger2/2.6.1/springfox-swagger2-2.6.1.jar!/springfox/documentation/swagger2/web/ForwardedHeader.class], URL [jar:file:/home/user/.m2/repository/io/springfox/springfox-swagger2/2.6.1/springfox-swagger2-2.6.1.jar!/springfox/documentation/swagger2/web/HostNameProvider.class], URL [jar:file:/home/user/.m2/repository/io/springfox/springfox-swagger2/2.6.1/springfox-swagger2-2.6.1.jar!/springfox/documentation/swagger2/web/Swagger2Controller.class]]
[DEBUG] 2017-06-05 17:02:32.028 [main] ClassPathBeanDefinitionScanner - Identified candidate component class: URL [jar:file:/home/user/.m2/repository/io/springfox/springfox-swagger2/2.6.1/springfox-swagger2-2.6.1.jar!/springfox/documentation/swagger2/web/Swagger2Controller.class]
[DEBUG] 2017-06-05 17:02:32.030 [main] PathMatchingResourcePatternResolver - Resolved classpath location [springfox/documentation/swagger2/mappers/] to resources [URL [jar:file:/home/user/.m2/repository/io/springfox/springfox-swagger2/2.6.1/springfox-swagger2-2.6.1.jar!/springfox/documentation/swagger2/mappers/]]
[DEBUG] 2017-06-05 17:02:32.031 [main] PathMatchingResourcePatternResolver - Looking for matching resources in jar file [file:/home/user/.m2/repository/io/springfox/springfox-swagger2/2.6.1/springfox-swagger2-2.6.1.jar]
[DEBUG] 2017-06-05 17:02:32.035 [main] PathMatchingResourcePatternResolver - Resolved location pattern [classpath*:springfox/documentation/swagger2/mappers/**/*.class] to resources [URL [jar:file:/home/user/.m2/repository/io/springfox/springfox-swagger2/2.6.1/springfox-swagger2-2.6.1.jar!/springfox/documentation/swagger2/mappers/ApiKeyAuthFactory.class], URL [jar:file:/home/user/.m2/repository/io/springfox/springfox-swagger2/2.6.1/springfox-swagger2-2.6.1.jar!/springfox/documentation/swagger2/mappers/BasicAuthFactory.class], URL [jar:file:/home/user/.m2/repository/io/springfox/springfox-swagger2/2.6.1/springfox-swagger2-2.6.1.jar!/springfox/documentation/swagger2/mappers/EnumMapper$1.class], URL [jar:file:/home/user/.m2/repository/io/springfox/springfox-swagger2/2.6.1/springfox-swagger2-2.6.1.jar!/springfox/documentation/swagger2/mappers/EnumMapper.class], URL [jar:file:/home/user/.m2/repository/io/springfox/springfox-swagger2/2.6.1/springfox-swagger2-2.6.1.jar!/springfox/documentation/swagger2/mappers/LicenseMapper$License.class], URL [jar:file:/home/user/.m2/repository/io/springfox/springfox-swagger2/2.6.1/springfox-swagger2-2.6.1.jar!/springfox/documentation/swagger2/mappers/LicenseMapper$LicenseTranslator.class], URL [jar:file:/home/user/.m2/repository/io/springfox/springfox-swagger2/2.6.1/springfox-swagger2-2.6.1.jar!/springfox/documentation/swagger2/mappers/LicenseMapper.class], URL [jar:file:/home/user/.m2/repository/io/springfox/springfox-swagger2/2.6.1/springfox-swagger2-2.6.1.jar!/springfox/documentation/swagger2/mappers/LicenseMapperImpl.class], URL [jar:file:/home/user/.m2/repository/io/springfox/springfox-swagger2/2.6.1/springfox-swagger2-2.6.1.jar!/springfox/documentation/swagger2/mappers/ModelMapper$1.class], URL [jar:file:/home/user/.m2/repository/io/springfox/springfox-swagger2/2.6.1/springfox-swagger2-2.6.1.jar!/springfox/documentation/swagger2/mappers/ModelMapper$2.class], URL [jar:file:/home/user/.m2/repository/io/springfox/springfox-swagger2/2.6.1/springfox-swagger2-2.6.1.jar!/springfox/documentation/swagger2/mappers/ModelMapper.class], URL [jar:file:/home/user/.m2/repository/io/springfox/springfox-swagger2/2.6.1/springfox-swagger2-2.6.1.jar!/springfox/documentation/swagger2/mappers/ModelMapperImpl.class], URL [jar:file:/home/user/.m2/repository/io/springfox/springfox-swagger2/2.6.1/springfox-swagger2-2.6.1.jar!/springfox/documentation/swagger2/mappers/OAuth2AuthFactory.class], URL [jar:file:/home/user/.m2/repository/io/springfox/springfox-swagger2/2.6.1/springfox-swagger2-2.6.1.jar!/springfox/documentation/swagger2/mappers/ParameterMapper.class], URL [jar:file:/home/user/.m2/repository/io/springfox/springfox-swagger2/2.6.1/springfox-swagger2-2.6.1.jar!/springfox/documentation/swagger2/mappers/ParameterMapperImpl.class], URL [jar:file:/home/user/.m2/repository/io/springfox/springfox-swagger2/2.6.1/springfox-swagger2-2.6.1.jar!/springfox/documentation/swagger2/mappers/Properties$1.class], URL [jar:file:/home/user/.m2/repository/io/springfox/springfox-swagger2/2.6.1/springfox-swagger2-2.6.1.jar!/springfox/documentation/swagger2/mappers/Properties$2.class], URL [jar:file:/home/user/.m2/repository/io/springfox/springfox-swagger2/2.6.1/springfox-swagger2-2.6.1.jar!/springfox/documentation/swagger2/mappers/Properties$3.class], URL [jar:file:/home/user/.m2/repository/io/springfox/springfox-swagger2/2.6.1/springfox-swagger2-2.6.1.jar!/springfox/documentation/swagger2/mappers/Properties$4.class], URL [jar:file:/home/user/.m2/repository/io/springfox/springfox-swagger2/2.6.1/springfox-swagger2-2.6.1.jar!/springfox/documentation/swagger2/mappers/Properties$5.class], URL [jar:file:/home/user/.m2/repository/io/springfox/springfox-swagger2/2.6.1/springfox-swagger2-2.6.1.jar!/springfox/documentation/swagger2/mappers/Properties$6.class], URL [jar:file:/home/user/.m2/repository/io/springfox/springfox-swagger2/2.6.1/springfox-swagger2-2.6.1.jar!/springfox/documentation/swagger2/mappers/Properties$7.class], URL [jar:file:/home/user/.m2/repository/io/springfox/springfox-swagger2/2.6.1/springfox-swagger2-2.6.1.jar!/springfox/documentation/swagger2/mappers/Properties.class], URL [jar:file:/home/user/.m2/repository/io/springfox/springfox-swagger2/2.6.1/springfox-swagger2-2.6.1.jar!/springfox/documentation/swagger2/mappers/SecurityMapper$1.class], URL [jar:file:/home/user/.m2/repository/io/springfox/springfox-swagger2/2.6.1/springfox-swagger2-2.6.1.jar!/springfox/documentation/swagger2/mappers/SecurityMapper$2.class], URL [jar:file:/home/user/.m2/repository/io/springfox/springfox-swagger2/2.6.1/springfox-swagger2-2.6.1.jar!/springfox/documentation/swagger2/mappers/SecurityMapper.class], URL [jar:file:/home/user/.m2/repository/io/springfox/springfox-swagger2/2.6.1/springfox-swagger2-2.6.1.jar!/springfox/documentation/swagger2/mappers/SecurityMapperImpl.class], URL [jar:file:/home/user/.m2/repository/io/springfox/springfox-swagger2/2.6.1/springfox-swagger2-2.6.1.jar!/springfox/documentation/swagger2/mappers/SecuritySchemeFactory.class], URL [jar:file:/home/user/.m2/repository/io/springfox/springfox-swagger2/2.6.1/springfox-swagger2-2.6.1.jar!/springfox/documentation/swagger2/mappers/SerializableParameterFactories$CookieSerializableParameterFactory.class], URL [jar:file:/home/user/.m2/repository/io/springfox/springfox-swagger2/2.6.1/springfox-swagger2-2.6.1.jar!/springfox/documentation/swagger2/mappers/SerializableParameterFactories$FormSerializableParameterFactory.class], URL [jar:file:/home/user/.m2/repository/io/springfox/springfox-swagger2/2.6.1/springfox-swagger2-2.6.1.jar!/springfox/documentation/swagger2/mappers/SerializableParameterFactories$HeaderSerializableParameterFactory.class], URL [jar:file:/home/user/.m2/repository/io/springfox/springfox-swagger2/2.6.1/springfox-swagger2-2.6.1.jar!/springfox/documentation/swagger2/mappers/SerializableParameterFactories$NullSerializableParameterFactory.class], URL [jar:file:/home/user/.m2/repository/io/springfox/springfox-swagger2/2.6.1/springfox-swagger2-2.6.1.jar!/springfox/documentation/swagger2/mappers/SerializableParameterFactories$PathSerializableParameterFactory.class], URL [jar:file:/home/user/.m2/repository/io/springfox/springfox-swagger2/2.6.1/springfox-swagger2-2.6.1.jar!/springfox/documentation/swagger2/mappers/SerializableParameterFactories$QuerySerializableParameterFactory.class], URL [jar:file:/home/user/.m2/repository/io/springfox/springfox-swagger2/2.6.1/springfox-swagger2-2.6.1.jar!/springfox/documentation/swagger2/mappers/SerializableParameterFactories.class], URL [jar:file:/home/user/.m2/repository/io/springfox/springfox-swagger2/2.6.1/springfox-swagger2-2.6.1.jar!/springfox/documentation/swagger2/mappers/SerializableParameterFactory.class], URL [jar:file:/home/user/.m2/repository/io/springfox/springfox-swagger2/2.6.1/springfox-swagger2-2.6.1.jar!/springfox/documentation/swagger2/mappers/ServiceModelToSwagger2Mapper$1.class], URL [jar:file:/home/user/.m2/repository/io/springfox/springfox-swagger2/2.6.1/springfox-swagger2-2.6.1.jar!/springfox/documentation/swagger2/mappers/ServiceModelToSwagger2Mapper$2.class], URL [jar:file:/home/user/.m2/repository/io/springfox/springfox-swagger2/2.6.1/springfox-swagger2-2.6.1.jar!/springfox/documentation/swagger2/mappers/ServiceModelToSwagger2Mapper$3.class], URL [jar:file:/home/user/.m2/repository/io/springfox/springfox-swagger2/2.6.1/springfox-swagger2-2.6.1.jar!/springfox/documentation/swagger2/mappers/ServiceModelToSwagger2Mapper.class], URL [jar:file:/home/user/.m2/repository/io/springfox/springfox-swagger2/2.6.1/springfox-swagger2-2.6.1.jar!/springfox/documentation/swagger2/mappers/ServiceModelToSwagger2MapperImpl.class], URL [jar:file:/home/user/.m2/repository/io/springfox/springfox-swagger2/2.6.1/springfox-swagger2-2.6.1.jar!/springfox/documentation/swagger2/mappers/VendorExtensionsMapper$1.class], URL [jar:file:/home/user/.m2/repository/io/springfox/springfox-swagger2/2.6.1/springfox-swagger2-2.6.1.jar!/springfox/documentation/swagger2/mappers/VendorExtensionsMapper.class], URL [jar:file:/home/user/.m2/repository/io/springfox/springfox-swagger2/2.6.1/springfox-swagger2-2.6.1.jar!/springfox/documentation/swagger2/mappers/VendorExtensionsMapperImpl.class]]
[DEBUG] 2017-06-05 17:02:32.044 [main] ClassPathBeanDefinitionScanner - Identified candidate component class: URL [jar:file:/home/user/.m2/repository/io/springfox/springfox-swagger2/2.6.1/springfox-swagger2-2.6.1.jar!/springfox/documentation/swagger2/mappers/LicenseMapperImpl.class]
[DEBUG] 2017-06-05 17:02:32.050 [main] ClassPathBeanDefinitionScanner - Identified candidate component class: URL [jar:file:/home/user/.m2/repository/io/springfox/springfox-swagger2/2.6.1/springfox-swagger2-2.6.1.jar!/springfox/documentation/swagger2/mappers/ModelMapperImpl.class]
[DEBUG] 2017-06-05 17:02:32.050 [background-preinit] logging - Logging Provider: org.jboss.logging.Log4j2LoggerProvider
[DEBUG] 2017-06-05 17:02:32.051 [main] ClassPathBeanDefinitionScanner - Identified candidate component class: URL [jar:file:/home/user/.m2/repository/io/springfox/springfox-swagger2/2.6.1/springfox-swagger2-2.6.1.jar!/springfox/documentation/swagger2/mappers/ParameterMapperImpl.class]
[INFO ] 2017-06-05 17:02:32.051 [background-preinit] Version - HV000001: Hibernate Validator 5.2.4.Final
[DEBUG] 2017-06-05 17:02:32.055 [main] ClassPathBeanDefinitionScanner - Identified candidate component class: URL [jar:file:/home/user/.m2/repository/io/springfox/springfox-swagger2/2.6.1/springfox-swagger2-2.6.1.jar!/springfox/documentation/swagger2/mappers/SecurityMapperImpl.class]
[DEBUG] 2017-06-05 17:02:32.081 [main] ClassPathBeanDefinitionScanner - Identified candidate component class: URL [jar:file:/home/user/.m2/repository/io/springfox/springfox-swagger2/2.6.1/springfox-swagger2-2.6.1.jar!/springfox/documentation/swagger2/mappers/ServiceModelToSwagger2MapperImpl.class]
[DEBUG] 2017-06-05 17:02:32.083 [main] ClassPathBeanDefinitionScanner - Identified candidate component class: URL [jar:file:/home/user/.m2/repository/io/springfox/springfox-swagger2/2.6.1/springfox-swagger2-2.6.1.jar!/springfox/documentation/swagger2/mappers/VendorExtensionsMapperImpl.class]
[DEBUG] 2017-06-05 17:02:32.089 [background-preinit] DefaultTraversableResolver - Found javax.persistence.Persistence on classpath containing 'getPersistenceUtil'. Assuming JPA 2 environment. Trying to instantiate JPA aware TraversableResolver
[DEBUG] 2017-06-05 17:02:32.102 [background-preinit] DefaultTraversableResolver - Instantiated JPA aware TraversableResolver of type org.hibernate.validator.internal.engine.resolver.JPATraversableResolver.
[DEBUG] 2017-06-05 17:02:32.117 [main] StandardEnvironment - Adding [systemProperties] PropertySource with lowest search precedence
[DEBUG] 2017-06-05 17:02:32.117 [main] StandardEnvironment - Adding [systemEnvironment] PropertySource with lowest search precedence
[DEBUG] 2017-06-05 17:02:32.117 [main] StandardEnvironment - Initialized StandardEnvironment with PropertySources [systemProperties,systemEnvironment]
[DEBUG] 2017-06-05 17:02:32.117 [main] ClassPathBeanDefinitionScanner - JSR-250 'javax.annotation.ManagedBean' found and supported for component scanning
[DEBUG] 2017-06-05 17:02:32.118 [main] PathMatchingResourcePatternResolver - Resolved classpath location [springfox/documentation/spring/web/scanners/] to resources [URL [jar:file:/home/user/.m2/repository/io/springfox/springfox-spring-web/2.6.1/springfox-spring-web-2.6.1.jar!/springfox/documentation/spring/web/scanners/]]
[DEBUG] 2017-06-05 17:02:32.119 [main] PathMatchingResourcePatternResolver - Looking for matching resources in jar file [file:/home/user/.m2/repository/io/springfox/springfox-spring-web/2.6.1/springfox-spring-web-2.6.1.jar]
[DEBUG] 2017-06-05 17:02:32.121 [main] PathMatchingResourcePatternResolver - Resolved location pattern [classpath*:springfox/documentation/spring/web/scanners/**/*.class] to resources [URL [jar:file:/home/user/.m2/repository/io/springfox/springfox-spring-web/2.6.1/springfox-spring-web-2.6.1.jar!/springfox/documentation/spring/web/scanners/ApiDescriptionLookup.class], URL [jar:file:/home/user/.m2/repository/io/springfox/springfox-spring-web/2.6.1/springfox-spring-web-2.6.1.jar!/springfox/documentation/spring/web/scanners/ApiDescriptionReader.class], URL [jar:file:/home/user/.m2/repository/io/springfox/springfox-spring-web/2.6.1/springfox-spring-web-2.6.1.jar!/springfox/documentation/spring/web/scanners/ApiDocumentationScanner$1.class], URL [jar:file:/home/user/.m2/repository/io/springfox/springfox-spring-web/2.6.1/springfox-spring-web-2.6.1.jar!/springfox/documentation/spring/web/scanners/ApiDocumentationScanner$2.class], URL [jar:file:/home/user/.m2/repository/io/springfox/springfox-spring-web/2.6.1/springfox-spring-web-2.6.1.jar!/springfox/documentation/spring/web/scanners/ApiDocumentationScanner.class], URL [jar:file:/home/user/.m2/repository/io/springfox/springfox-spring-web/2.6.1/springfox-spring-web-2.6.1.jar!/springfox/documentation/spring/web/scanners/ApiListingReader.class], URL [jar:file:/home/user/.m2/repository/io/springfox/springfox-spring-web/2.6.1/springfox-spring-web-2.6.1.jar!/springfox/documentation/spring/web/scanners/ApiListingReferenceScanner.class], URL [jar:file:/home/user/.m2/repository/io/springfox/springfox-spring-web/2.6.1/springfox-spring-web-2.6.1.jar!/springfox/documentation/spring/web/scanners/ApiListingReferenceScanResult.class], URL [jar:file:/home/user/.m2/repository/io/springfox/springfox-spring-web/2.6.1/springfox-spring-web-2.6.1.jar!/springfox/documentation/spring/web/scanners/ApiListingScanner.class], URL [jar:file:/home/user/.m2/repository/io/springfox/springfox-spring-web/2.6.1/springfox-spring-web-2.6.1.jar!/springfox/documentation/spring/web/scanners/ApiListingScanningContext.class], URL [jar:file:/home/user/.m2/repository/io/springfox/springfox-spring-web/2.6.1/springfox-spring-web-2.6.1.jar!/springfox/documentation/spring/web/scanners/ApiModelReader.class], URL [jar:file:/home/user/.m2/repository/io/springfox/springfox-spring-web/2.6.1/springfox-spring-web-2.6.1.jar!/springfox/documentation/spring/web/scanners/CachingOperationReader$1.class], URL [jar:file:/home/user/.m2/repository/io/springfox/springfox-spring-web/2.6.1/springfox-spring-web-2.6.1.jar!/springfox/documentation/spring/web/scanners/CachingOperationReader.class], URL [jar:file:/home/user/.m2/repository/io/springfox/springfox-spring-web/2.6.1/springfox-spring-web-2.6.1.jar!/springfox/documentation/spring/web/scanners/MediaTypeReader.class]]
[DEBUG] 2017-06-05 17:02:32.125 [main] ClassPathBeanDefinitionScanner - Identified candidate component class: URL [jar:file:/home/user/.m2/repository/io/springfox/springfox-spring-web/2.6.1/springfox-spring-web-2.6.1.jar!/springfox/documentation/spring/web/scanners/ApiDescriptionLookup.class]
[DEBUG] 2017-06-05 17:02:32.126 [main] ClassPathBeanDefinitionScanner - Identified candidate component class: URL [jar:file:/home/user/.m2/repository/io/springfox/springfox-spring-web/2.6.1/springfox-spring-web-2.6.1.jar!/springfox/documentation/spring/web/scanners/ApiDescriptionReader.class]
[DEBUG] 2017-06-05 17:02:32.127 [main] ClassPathBeanDefinitionScanner - Identified candidate component class: URL [jar:file:/home/user/.m2/repository/io/springfox/springfox-spring-web/2.6.1/springfox-spring-web-2.6.1.jar!/springfox/documentation/spring/web/scanners/ApiDocumentationScanner.class]
[DEBUG] 2017-06-05 17:02:32.128 [main] ClassPathBeanDefinitionScanner - Identified candidate component class: URL [jar:file:/home/user/.m2/repository/io/springfox/springfox-spring-web/2.6.1/springfox-spring-web-2.6.1.jar!/springfox/documentation/spring/web/scanners/ApiListingReader.class]
[DEBUG] 2017-06-05 17:02:32.129 [main] ClassPathBeanDefinitionScanner - Identified candidate component class: URL [jar:file:/home/user/.m2/repository/io/springfox/springfox-spring-web/2.6.1/springfox-spring-web-2.6.1.jar!/springfox/documentation/spring/web/scanners/ApiListingReferenceScanner.class]
[DEBUG] 2017-06-05 17:02:32.130 [main] ClassPathBeanDefinitionScanner - Identified candidate component class: URL [jar:file:/home/user/.m2/repository/io/springfox/springfox-spring-web/2.6.1/springfox-spring-web-2.6.1.jar!/springfox/documentation/spring/web/scanners/ApiListingScanner.class]
[DEBUG] 2017-06-05 17:02:32.131 [main] ClassPathBeanDefinitionScanner - Identified candidate component class: URL [jar:file:/home/user/.m2/repository/io/springfox/springfox-spring-web/2.6.1/springfox-spring-web-2.6.1.jar!/springfox/documentation/spring/web/scanners/ApiModelReader.class]
[DEBUG] 2017-06-05 17:02:32.132 [main] ClassPathBeanDefinitionScanner - Identified candidate component class: URL [jar:file:/home/user/.m2/repository/io/springfox/springfox-spring-web/2.6.1/springfox-spring-web-2.6.1.jar!/springfox/documentation/spring/web/scanners/CachingOperationReader.class]
[DEBUG] 2017-06-05 17:02:32.133 [main] ClassPathBeanDefinitionScanner - Identified candidate component class: URL [jar:file:/home/user/.m2/repository/io/springfox/springfox-spring-web/2.6.1/springfox-spring-web-2.6.1.jar!/springfox/documentation/spring/web/scanners/MediaTypeReader.class]
[DEBUG] 2017-06-05 17:02:32.135 [main] PathMatchingResourcePatternResolver - Resolved classpath location [springfox/documentation/spring/web/readers/operation/] to resources [URL [jar:file:/home/user/.m2/repository/io/springfox/springfox-spring-web/2.6.1/springfox-spring-web-2.6.1.jar!/springfox/documentation/spring/web/readers/operation/]]
[DEBUG] 2017-06-05 17:02:32.135 [main] PathMatchingResourcePatternResolver - Looking for matching resources in jar file [file:/home/user/.m2/repository/io/springfox/springfox-spring-web/2.6.1/springfox-spring-web-2.6.1.jar]
[DEBUG] 2017-06-05 17:02:32.138 [main] PathMatchingResourcePatternResolver - Resolved location pattern [classpath*:springfox/documentation/spring/web/readers/operation/**/*.class] to resources [URL [jar:file:/home/user/.m2/repository/io/springfox/springfox-spring-web/2.6.1/springfox-spring-web-2.6.1.jar!/springfox/documentation/spring/web/readers/operation/AbstractOperationParameterRequestConditionReader.class], URL [jar:file:/home/user/.m2/repository/io/springfox/springfox-spring-web/2.6.1/springfox-spring-web-2.6.1.jar!/springfox/documentation/spring/web/readers/operation/ApiOperationReader.class], URL [jar:file:/home/user/.m2/repository/io/springfox/springfox-spring-web/2.6.1/springfox-spring-web-2.6.1.jar!/springfox/documentation/spring/web/readers/operation/CachingOperationNameGenerator.class], URL [jar:file:/home/user/.m2/repository/io/springfox/springfox-spring-web/2.6.1/springfox-spring-web-2.6.1.jar!/springfox/documentation/spring/web/readers/operation/DefaultOperationReader.class], URL [jar:file:/home/user/.m2/repository/io/springfox/springfox-spring-web/2.6.1/springfox-spring-web-2.6.1.jar!/springfox/documentation/spring/web/readers/operation/DefaultTagsProvider.class], URL [jar:file:/home/user/.m2/repository/io/springfox/springfox-spring-web/2.6.1/springfox-spring-web-2.6.1.jar!/springfox/documentation/spring/web/readers/operation/HandlerMethodResolver$1.class], URL [jar:file:/home/user/.m2/repository/io/springfox/springfox-spring-web/2.6.1/springfox-spring-web-2.6.1.jar!/springfox/documentation/spring/web/readers/operation/HandlerMethodResolver$2.class], URL [jar:file:/home/user/.m2/repository/io/springfox/springfox-spring-web/2.6.1/springfox-spring-web-2.6.1.jar!/springfox/documentation/spring/web/readers/operation/HandlerMethodResolver$3.class], URL [jar:file:/home/user/.m2/repository/io/springfox/springfox-spring-web/2.6.1/springfox-spring-web-2.6.1.jar!/springfox/documentation/spring/web/readers/operation/HandlerMethodResolver$4.class], URL [jar:file:/home/user/.m2/repository/io/springfox/springfox-spring-web/2.6.1/springfox-spring-web-2.6.1.jar!/springfox/documentation/spring/web/readers/operation/HandlerMethodResolver$5.class], URL [jar:file:/home/user/.m2/repository/io/springfox/springfox-spring-web/2.6.1/springfox-spring-web-2.6.1.jar!/springfox/documentation/spring/web/readers/operation/HandlerMethodResolver$6.class], URL [jar:file:/home/user/.m2/repository/io/springfox/springfox-spring-web/2.6.1/springfox-spring-web-2.6.1.jar!/springfox/documentation/spring/web/readers/operation/HandlerMethodResolver$7.class], URL [jar:file:/home/user/.m2/repository/io/springfox/springfox-spring-web/2.6.1/springfox-spring-web-2.6.1.jar!/springfox/documentation/spring/web/readers/operation/HandlerMethodResolver.class], URL [jar:file:/home/user/.m2/repository/io/springfox/springfox-spring-web/2.6.1/springfox-spring-web-2.6.1.jar!/springfox/documentation/spring/web/readers/operation/OperationDeprecatedReader.class], URL [jar:file:/home/user/.m2/repository/io/springfox/springfox-spring-web/2.6.1/springfox-spring-web-2.6.1.jar!/springfox/documentation/spring/web/readers/operation/OperationModelsProvider.class], URL [jar:file:/home/user/.m2/repository/io/springfox/springfox-spring-web/2.6.1/springfox-spring-web-2.6.1.jar!/springfox/documentation/spring/web/readers/operation/OperationParameterHeadersConditionReader.class], URL [jar:file:/home/user/.m2/repository/io/springfox/springfox-spring-web/2.6.1/springfox-spring-web-2.6.1.jar!/springfox/documentation/spring/web/readers/operation/OperationParameterReader$1.class], URL [jar:file:/home/user/.m2/repository/io/springfox/springfox-spring-web/2.6.1/springfox-spring-web-2.6.1.jar!/springfox/documentation/spring/web/readers/operation/OperationParameterReader$2.class], URL [jar:file:/home/user/.m2/repository/io/springfox/springfox-spring-web/2.6.1/springfox-spring-web-2.6.1.jar!/springfox/documentation/spring/web/readers/operation/OperationParameterReader$3.class], URL [jar:file:/home/user/.m2/repository/io/springfox/springfox-spring-web/2.6.1/springfox-spring-web-2.6.1.jar!/springfox/documentation/spring/web/readers/operation/OperationParameterReader.class], URL [jar:file:/home/user/.m2/repository/io/springfox/springfox-spring-web/2.6.1/springfox-spring-web-2.6.1.jar!/springfox/documentation/spring/web/readers/operation/OperationParameterRequestConditionReader.class], URL [jar:file:/home/user/.m2/repository/io/springfox/springfox-spring-web/2.6.1/springfox-spring-web-2.6.1.jar!/springfox/documentation/spring/web/readers/operation/OperationReader.class], URL [jar:file:/home/user/.m2/repository/io/springfox/springfox-spring-web/2.6.1/springfox-spring-web-2.6.1.jar!/springfox/documentation/spring/web/readers/operation/OperationResponseClassReader.class], URL [jar:file:/home/user/.m2/repository/io/springfox/springfox-spring-web/2.6.1/springfox-spring-web-2.6.1.jar!/springfox/documentation/spring/web/readers/operation/OperationTagsReader.class], URL [jar:file:/home/user/.m2/repository/io/springfox/springfox-spring-web/2.6.1/springfox-spring-web-2.6.1.jar!/springfox/documentation/spring/web/readers/operation/ResponseMessagesReader.class]]
[DEBUG] 2017-06-05 17:02:32.139 [main] ClassPathBeanDefinitionScanner - Identified candidate component class: URL [jar:file:/home/user/.m2/repository/io/springfox/springfox-spring-web/2.6.1/springfox-spring-web-2.6.1.jar!/springfox/documentation/spring/web/readers/operation/ApiOperationReader.class]
[DEBUG] 2017-06-05 17:02:32.140 [main] ClassPathBeanDefinitionScanner - Identified candidate component class: URL [jar:file:/home/user/.m2/repository/io/springfox/springfox-spring-web/2.6.1/springfox-spring-web-2.6.1.jar!/springfox/documentation/spring/web/readers/operation/CachingOperationNameGenerator.class]
[DEBUG] 2017-06-05 17:02:32.140 [main] ClassPathBeanDefinitionScanner - Identified candidate component class: URL [jar:file:/home/user/.m2/repository/io/springfox/springfox-spring-web/2.6.1/springfox-spring-web-2.6.1.jar!/springfox/documentation/spring/web/readers/operation/DefaultOperationReader.class]
[DEBUG] 2017-06-05 17:02:32.141 [main] ClassPathBeanDefinitionScanner - Identified candidate component class: URL [jar:file:/home/user/.m2/repository/io/springfox/springfox-spring-web/2.6.1/springfox-spring-web-2.6.1.jar!/springfox/documentation/spring/web/readers/operation/DefaultTagsProvider.class]
[DEBUG] 2017-06-05 17:02:32.144 [main] ClassPathBeanDefinitionScanner - Identified candidate component class: URL [jar:file:/home/user/.m2/repository/io/springfox/springfox-spring-web/2.6.1/springfox-spring-web-2.6.1.jar!/springfox/documentation/spring/web/readers/operation/OperationDeprecatedReader.class]
[DEBUG] 2017-06-05 17:02:32.145 [main] ClassPathBeanDefinitionScanner - Identified candidate component class: URL [jar:file:/home/user/.m2/repository/io/springfox/springfox-spring-web/2.6.1/springfox-spring-web-2.6.1.jar!/springfox/documentation/spring/web/readers/operation/OperationModelsProvider.class]
[DEBUG] 2017-06-05 17:02:32.145 [main] ClassPathBeanDefinitionScanner - Identified candidate component class: URL [jar:file:/home/user/.m2/repository/io/springfox/springfox-spring-web/2.6.1/springfox-spring-web-2.6.1.jar!/springfox/documentation/spring/web/readers/operation/OperationParameterHeadersConditionReader.class]
[DEBUG] 2017-06-05 17:02:32.147 [main] ClassPathBeanDefinitionScanner - Identified candidate component class: URL [jar:file:/home/user/.m2/repository/io/springfox/springfox-spring-web/2.6.1/springfox-spring-web-2.6.1.jar!/springfox/documentation/spring/web/readers/operation/OperationParameterReader.class]
[DEBUG] 2017-06-05 17:02:32.147 [main] ClassPathBeanDefinitionScanner - Identified candidate component class: URL [jar:file:/home/user/.m2/repository/io/springfox/springfox-spring-web/2.6.1/springfox-spring-web-2.6.1.jar!/springfox/documentation/spring/web/readers/operation/OperationParameterRequestConditionReader.class]
[DEBUG] 2017-06-05 17:02:32.150 [main] ClassPathBeanDefinitionScanner - Identified candidate component class: URL [jar:file:/home/user/.m2/repository/io/springfox/springfox-spring-web/2.6.1/springfox-spring-web-2.6.1.jar!/springfox/documentation/spring/web/readers/operation/OperationResponseClassReader.class]
[...]
Caused by: org.hibernate.AnnotationException: No identifier specified for entity: com.stackroute.ng2boot.domain.User
	at org.hibernate.cfg.InheritanceState.determineDefaultAccessType(InheritanceState.java:265) ~[hibernate-core-5.0.11.Final.jar:5.0.11.Final]
	at org.hibernate.cfg.InheritanceState.getElementsToProcess(InheritanceState.java:211) ~[hibernate-core-5.0.11.Final.jar:5.0.11.Final]
	at org.hibernate.cfg.AnnotationBinder.bindClass(AnnotationBinder.java:717) ~[hibernate-core-5.0.11.Final.jar:5.0.11.Final]
	at org.hibernate.boot.model.source.internal.annotations.AnnotationMetadataSourceProcessorImpl.processEntityHierarchies(AnnotationMetadataSourceProcessorImpl.java:245) ~[hibernate-core-5.0.11.Final.jar:5.0.11.Final]
	at org.hibernate.boot.model.process.spi.MetadataBuildingProcess$1.processEntityHierarchies(MetadataBuildingProcess.java:222) ~[hibernate-core-5.0.11.Final.jar:5.0.11.Final]
	at org.hibernate.boot.model.process.spi.MetadataBuildingProcess.complete(MetadataBuildingProcess.java:265) ~[hibernate-core-5.0.11.Final.jar:5.0.11.Final]
	at org.hibernate.jpa.boot.internal.EntityManagerFactoryBuilderImpl.metadata(EntityManagerFactoryBuilderImpl.java:847) ~[hibernate-entitymanager-5.0.11.Final.jar:5.0.11.Final]
	at org.hibernate.jpa.boot.internal.EntityManagerFactoryBuilderImpl.build(EntityManagerFactoryBuilderImpl.java:874) ~[hibernate-entitymanager-5.0.11.Final.jar:5.0.11.Final]
	at org.springframework.orm.jpa.vendor.SpringHibernateJpaPersistenceProvider.createContainerEntityManagerFactory(SpringHibernateJpaPersistenceProvider.java:60) ~[spring-orm-4.3.3.RELEASE.jar:4.3.3.RELEASE]
	at org.springframework.orm.jpa.LocalContainerEntityManagerFactoryBean.createNativeEntityManagerFactory(LocalContainerEntityManagerFactoryBean.java:353) ~[spring-orm-4.3.3.RELEASE.jar:4.3.3.RELEASE]
	at org.springframework.orm.jpa.AbstractEntityManagerFactoryBean.buildNativeEntityManagerFactory(AbstractEntityManagerFactoryBean.java:373) ~[spring-orm-4.3.3.RELEASE.jar:4.3.3.RELEASE]
	at org.springframework.orm.jpa.AbstractEntityManagerFactoryBean.afterPropertiesSet(AbstractEntityManagerFactoryBean.java:362) ~[spring-orm-4.3.3.RELEASE.jar:4.3.3.RELEASE]
	at org.springframework.beans.factory.support.AbstractAutowireCapableBeanFactory.invokeInitMethods(AbstractAutowireCapableBeanFactory.java:1642) ~[spring-beans-4.3.3.RELEASE.jar:4.3.3.RELEASE]
	at org.springframework.beans.factory.support.AbstractAutowireCapableBeanFactory.initializeBean(AbstractAutowireCapableBeanFactory.java:1579) ~[spring-beans-4.3.3.RELEASE.jar:4.3.3.RELEASE]
	... 41 more
[ERROR] 2017-06-05 17:02:37.426 [main] TestContextManager - Caught exception while allowing TestExecutionListener [org.springframework.test.context.web.ServletTestExecutionListener@46d59067] to prepare test instance [com.stackroute.ng2boot.Ng2bootApplicationTests@4d20616a]
java.lang.IllegalStateException: Failed to load ApplicationContext
	at org.springframework.test.context.cache.DefaultCacheAwareContextLoaderDelegate.loadContext(DefaultCacheAwareContextLoaderDelegate.java:124) ~[spring-test-4.3.3.RELEASE.jar:4.3.3.RELEASE]
	at org.springframework.test.context.support.DefaultTestContext.getApplicationContext(DefaultTestContext.java:83) ~[spring-test-4.3.3.RELEASE.jar:4.3.3.RELEASE]
	at org.springframework.test.context.web.ServletTestExecutionListener.setUpRequestContextIfNecessary(ServletTestExecutionListener.java:189) ~[spring-test-4.3.3.RELEASE.jar:4.3.3.RELEASE]
	at org.springframework.test.context.web.ServletTestExecutionListener.prepareTestInstance(ServletTestExecutionListener.java:131) ~[spring-test-4.3.3.RELEASE.jar:4.3.3.RELEASE]
	at org.springframework.test.context.TestContextManager.prepareTestInstance(TestContextManager.java:230) [spring-test-4.3.3.RELEASE.jar:4.3.3.RELEASE]
	at org.springframework.test.context.junit4.SpringJUnit4ClassRunner.createTest(SpringJUnit4ClassRunner.java:228) [spring-test-4.3.3.RELEASE.jar:4.3.3.RELEASE]
	at org.springframework.test.context.junit4.SpringJUnit4ClassRunner$1.runReflectiveCall(SpringJUnit4ClassRunner.java:287) [spring-test-4.3.3.RELEASE.jar:4.3.3.RELEASE]
	at org.junit.internal.runners.model.ReflectiveCallable.run(ReflectiveCallable.java:12) [junit-4.12.jar:4.12]
	at org.springframework.test.context.junit4.SpringJUnit4ClassRunner.methodBlock(SpringJUnit4ClassRunner.java:289) [spring-test-4.3.3.RELEASE.jar:4.3.3.RELEASE]
	at org.springframework.test.context.junit4.SpringJUnit4ClassRunner.runChild(SpringJUnit4ClassRunner.java:247) [spring-test-4.3.3.RELEASE.jar:4.3.3.RELEASE]
	at org.springframework.test.context.junit4.SpringJUnit4ClassRunner.runChild(SpringJUnit4ClassRunner.java:94) [spring-test-4.3.3.RELEASE.jar:4.3.3.RELEASE]
	at org.junit.runners.ParentRunner$3.run(ParentRunner.java:290) [junit-4.12.jar:4.12]
	at org.junit.runners.ParentRunner$1.schedule(ParentRunner.java:71) [junit-4.12.jar:4.12]
	at org.junit.runners.ParentRunner.runChildren(ParentRunner.java:288) [junit-4.12.jar:4.12]
	at org.junit.runners.ParentRunner.access$000(ParentRunner.java:58) [junit-4.12.jar:4.12]
	at org.junit.runners.ParentRunner$2.evaluate(ParentRunner.java:268) [junit-4.12.jar:4.12]
	at org.springframework.test.context.junit4.statements.RunBeforeTestClassCallbacks.evaluate(RunBeforeTestClassCallbacks.java:61) [spring-test-4.3.3.RELEASE.jar:4.3.3.RELEASE]
	at org.springframework.test.context.junit4.statements.RunAfterTestClassCallbacks.evaluate(RunAfterTestClassCallbacks.java:70) [spring-test-4.3.3.RELEASE.jar:4.3.3.RELEASE]
	at org.junit.runners.ParentRunner.run(ParentRunner.java:363) [junit-4.12.jar:4.12]
	at org.springframework.test.context.junit4.SpringJUnit4ClassRunner.run(SpringJUnit4ClassRunner.java:191) [spring-test-4.3.3.RELEASE.jar:4.3.3.RELEASE]
	at org.apache.maven.surefire.junit4.JUnit4Provider.execute(JUnit4Provider.java:283) [surefire-junit4-2.18.1.jar:2.18.1]
	at org.apache.maven.surefire.junit4.JUnit4Provider.executeWithRerun(JUnit4Provider.java:173) [surefire-junit4-2.18.1.jar:2.18.1]
	at org.apache.maven.surefire.junit4.JUnit4Provider.executeTestSet(JUnit4Provider.java:153) [surefire-junit4-2.18.1.jar:2.18.1]
	at org.apache.maven.surefire.junit4.JUnit4Provider.invoke(JUnit4Provider.java:128) [surefire-junit4-2.18.1.jar:2.18.1]
	at org.apache.maven.surefire.booter.ForkedBooter.invokeProviderInSameClassLoader(ForkedBooter.java:203) [surefire-booter-2.18.1.jar:2.18.1]
	at org.apache.maven.surefire.booter.ForkedBooter.runSuitesInProcess(ForkedBooter.java:155) [surefire-booter-2.18.1.jar:2.18.1]
	at org.apache.maven.surefire.booter.ForkedBooter.main(ForkedBooter.java:103) [surefire-booter-2.18.1.jar:2.18.1]
Caused by: org.springframework.beans.factory.BeanCreationException: Error creating bean with name 'entityManagerFactory' defined in class path resource [org/springframework/boot/autoconfigure/orm/jpa/HibernateJpaAutoConfiguration.class]: Invocation of init method failed; nested exception is org.hibernate.AnnotationException: No identifier specified for entity: com.stackroute.ng2boot.domain.User
	at org.springframework.beans.factory.support.AbstractAutowireCapableBeanFactory.initializeBean(AbstractAutowireCapableBeanFactory.java:1583) ~[spring-beans-4.3.3.RELEASE.jar:4.3.3.RELEASE]
	at org.springframework.beans.factory.support.AbstractAutowireCapableBeanFactory.doCreateBean(AbstractAutowireCapableBeanFactory.java:545) ~[spring-beans-4.3.3.RELEASE.jar:4.3.3.RELEASE]
	at org.springframework.beans.factory.support.AbstractAutowireCapableBeanFactory.createBean(AbstractAutowireCapableBeanFactory.java:482) ~[spring-beans-4.3.3.RELEASE.jar:4.3.3.RELEASE]
	at org.springframework.beans.factory.support.AbstractBeanFactory$1.getObject(AbstractBeanFactory.java:306) ~[spring-beans-4.3.3.RELEASE.jar:4.3.3.RELEASE]
	at org.springframework.beans.factory.support.DefaultSingletonBeanRegistry.getSingleton(DefaultSingletonBeanRegistry.java:230) ~[spring-beans-4.3.3.RELEASE.jar:4.3.3.RELEASE]
	at org.springframework.beans.factory.support.AbstractBeanFactory.doGetBean(AbstractBeanFactory.java:302) ~[spring-beans-4.3.3.RELEASE.jar:4.3.3.RELEASE]
	at org.springframework.beans.factory.support.AbstractBeanFactory.getBean(AbstractBeanFactory.java:197) ~[spring-beans-4.3.3.RELEASE.jar:4.3.3.RELEASE]
	at org.springframework.context.support.AbstractApplicationContext.getBean(AbstractApplicationContext.java:1076) ~[spring-context-4.3.3.RELEASE.jar:4.3.3.RELEASE]
	at org.springframework.context.support.AbstractApplicationContext.finishBeanFactoryInitialization(AbstractApplicationContext.java:851) ~[spring-context-4.3.3.RELEASE.jar:4.3.3.RELEASE]
	at org.springframework.context.support.AbstractApplicationContext.refresh(AbstractApplicationContext.java:541) ~[spring-context-4.3.3.RELEASE.jar:4.3.3.RELEASE]
	at org.springframework.boot.SpringApplication.refresh(SpringApplication.java:761) ~[spring-boot-1.4.1.RELEASE.jar:1.4.1.RELEASE]
	at org.springframework.boot.SpringApplication.refreshContext(SpringApplication.java:371) ~[spring-boot-1.4.1.RELEASE.jar:1.4.1.RELEASE]
	at org.springframework.boot.SpringApplication.run(SpringApplication.java:315) ~[spring-boot-1.4.1.RELEASE.jar:1.4.1.RELEASE]
	at org.springframework.boot.test.context.SpringBootContextLoader.loadContext(SpringBootContextLoader.java:111) ~[spring-boot-test-1.4.1.RELEASE.jar:1.4.1.RELEASE]
	at org.springframework.test.context.cache.DefaultCacheAwareContextLoaderDelegate.loadContextInternal(DefaultCacheAwareContextLoaderDelegate.java:98) ~[spring-test-4.3.3.RELEASE.jar:4.3.3.RELEASE]
	at org.springframework.test.context.cache.DefaultCacheAwareContextLoaderDelegate.loadContext(DefaultCacheAwareContextLoaderDelegate.java:116) ~[spring-test-4.3.3.RELEASE.jar:4.3.3.RELEASE]
	... 26 more
Caused by: org.hibernate.AnnotationException: No identifier specified for entity: com.stackroute.ng2boot.domain.User
	at org.hibernate.cfg.InheritanceState.determineDefaultAccessType(InheritanceState.java:265) ~[hibernate-core-5.0.11.Final.jar:5.0.11.Final]
	at org.hibernate.cfg.InheritanceState.getElementsToProcess(InheritanceState.java:211) ~[hibernate-core-5.0.11.Final.jar:5.0.11.Final]
	at org.hibernate.cfg.AnnotationBinder.bindClass(AnnotationBinder.java:717) ~[hibernate-core-5.0.11.Final.jar:5.0.11.Final]
	at org.hibernate.boot.model.source.internal.annotations.AnnotationMetadataSourceProcessorImpl.processEntityHierarchies(AnnotationMetadataSourceProcessorImpl.java:245) ~[hibernate-core-5.0.11.Final.jar:5.0.11.Final]
	at org.hibernate.boot.model.process.spi.MetadataBuildingProcess$1.processEntityHierarchies(MetadataBuildingProcess.java:222) ~[hibernate-core-5.0.11.Final.jar:5.0.11.Final]
	at org.hibernate.boot.model.process.spi.MetadataBuildingProcess.complete(MetadataBuildingProcess.java:265) ~[hibernate-core-5.0.11.Final.jar:5.0.11.Final]
	at org.hibernate.jpa.boot.internal.EntityManagerFactoryBuilderImpl.metadata(EntityManagerFactoryBuilderImpl.java:847) ~[hibernate-entitymanager-5.0.11.Final.jar:5.0.11.Final]
	at org.hibernate.jpa.boot.internal.EntityManagerFactoryBuilderImpl.build(EntityManagerFactoryBuilderImpl.java:874) ~[hibernate-entitymanager-5.0.11.Final.jar:5.0.11.Final]
	at org.springframework.orm.jpa.vendor.SpringHibernateJpaPersistenceProvider.createContainerEntityManagerFactory(SpringHibernateJpaPersistenceProvider.java:60) ~[spring-orm-4.3.3.RELEASE.jar:4.3.3.RELEASE]
	at org.springframework.orm.jpa.LocalContainerEntityManagerFactoryBean.createNativeEntityManagerFactory(LocalContainerEntityManagerFactoryBean.java:353) ~[spring-orm-4.3.3.RELEASE.jar:4.3.3.RELEASE]
	at org.springframework.orm.jpa.AbstractEntityManagerFactoryBean.buildNativeEntityManagerFactory(AbstractEntityManagerFactoryBean.java:373) ~[spring-orm-4.3.3.RELEASE.jar:4.3.3.RELEASE]
	at org.springframework.orm.jpa.AbstractEntityManagerFactoryBean.afterPropertiesSet(AbstractEntityManagerFactoryBean.java:362) ~[spring-orm-4.3.3.RELEASE.jar:4.3.3.RELEASE]
	at org.springframework.beans.factory.support.AbstractAutowireCapableBeanFactory.invokeInitMethods(AbstractAutowireCapableBeanFactory.java:1642) ~[spring-beans-4.3.3.RELEASE.jar:4.3.3.RELEASE]
	at org.springframework.beans.factory.support.AbstractAutowireCapableBeanFactory.initializeBean(AbstractAutowireCapableBeanFactory.java:1579) ~[spring-beans-4.3.3.RELEASE.jar:4.3.3.RELEASE]
	at org.springframework.beans.factory.support.AbstractAutowireCapableBeanFactory.doCreateBean(AbstractAutowireCapableBeanFactory.java:545) ~[spring-beans-4.3.3.RELEASE.jar:4.3.3.RELEASE]
	at org.springframework.beans.factory.support.AbstractAutowireCapableBeanFactory.createBean(AbstractAutowireCapableBeanFactory.java:482) ~[spring-beans-4.3.3.RELEASE.jar:4.3.3.RELEASE]
	at org.springframework.beans.factory.support.AbstractBeanFactory$1.getObject(AbstractBeanFactory.java:306) ~[spring-beans-4.3.3.RELEASE.jar:4.3.3.RELEASE]
	at org.springframework.beans.factory.support.DefaultSingletonBeanRegistry.getSingleton(DefaultSingletonBeanRegistry.java:230) ~[spring-beans-4.3.3.RELEASE.jar:4.3.3.RELEASE]
	at org.springframework.beans.factory.support.AbstractBeanFactory.doGetBean(AbstractBeanFactory.java:302) ~[spring-beans-4.3.3.RELEASE.jar:4.3.3.RELEASE]
	at org.springframework.beans.factory.support.AbstractBeanFactory.getBean(AbstractBeanFactory.java:197) ~[spring-beans-4.3.3.RELEASE.jar:4.3.3.RELEASE]
	at org.springframework.context.support.AbstractApplicationContext.getBean(AbstractApplicationContext.java:1076) ~[spring-context-4.3.3.RELEASE.jar:4.3.3.RELEASE]
	at org.springframework.context.support.AbstractApplicationContext.finishBeanFactoryInitialization(AbstractApplicationContext.java:851) ~[spring-context-4.3.3.RELEASE.jar:4.3.3.RELEASE]
	at org.springframework.context.support.AbstractApplicationContext.refresh(AbstractApplicationContext.java:541) ~[spring-context-4.3.3.RELEASE.jar:4.3.3.RELEASE]
	at org.springframework.boot.SpringApplication.refresh(SpringApplication.java:761) ~[spring-boot-1.4.1.RELEASE.jar:1.4.1.RELEASE]
	at org.springframework.boot.SpringApplication.refreshContext(SpringApplication.java:371) ~[spring-boot-1.4.1.RELEASE.jar:1.4.1.RELEASE]
	at org.springframework.boot.SpringApplication.run(SpringApplication.java:315) ~[spring-boot-1.4.1.RELEASE.jar:1.4.1.RELEASE]
	at org.springframework.boot.test.context.SpringBootContextLoader.loadContext(SpringBootContextLoader.java:111) ~[spring-boot-test-1.4.1.RELEASE.jar:1.4.1.RELEASE]
	at org.springframework.test.context.cache.DefaultCacheAwareContextLoaderDelegate.loadContextInternal(DefaultCacheAwareContextLoaderDelegate.java:98) ~[spring-test-4.3.3.RELEASE.jar:4.3.3.RELEASE]
	at org.springframework.test.context.cache.DefaultCacheAwareContextLoaderDelegate.loadContext(DefaultCacheAwareContextLoaderDelegate.java:116) ~[spring-test-4.3.3.RELEASE.jar:4.3.3.RELEASE]
	... 26 more
]]></system-out>
    <system-err><![CDATA[Mon Jun 05 17:02:36 IST 2017 WARN: Establishing SSL connection without server's identity verification is not recommended. According to MySQL 5.5.45+, 5.6.26+ and 5.7.6+ requirements SSL connection must be established by default if explicit option isn't set. For compliance with existing applications not using SSL the verifyServerCertificate property is set to 'false'. You need either to explicitly disable SSL by setting useSSL=false, or set useSSL=true and provide truststore for server certificate verification.
Mon Jun 05 17:02:36 IST 2017 WARN: Establishing SSL connection without server's identity verification is not recommended. According to MySQL 5.5.45+, 5.6.26+ and 5.7.6+ requirements SSL connection must be established by default if explicit option isn't set. For compliance with existing applications not using SSL the verifyServerCertificate property is set to 'false'. You need either to explicitly disable SSL by setting useSSL=false, or set useSSL=true and provide truststore for server certificate verification.
Mon Jun 05 17:02:36 IST 2017 WARN: Establishing SSL connection without server's identity verification is not recommended. According to MySQL 5.5.45+, 5.6.26+ and 5.7.6+ requirements SSL connection must be established by default if explicit option isn't set. For compliance with existing applications not using SSL the verifyServerCertificate property is set to 'false'. You need either to explicitly disable SSL by setting useSSL=false, or set useSSL=true and provide truststore for server certificate verification.
Mon Jun 05 17:02:36 IST 2017 WARN: Establishing SSL connection without server's identity verification is not recommended. According to MySQL 5.5.45+, 5.6.26+ and 5.7.6+ requirements SSL connection must be established by default if explicit option isn't set. For compliance with existing applications not using SSL the verifyServerCertificate property is set to 'false'. You need either to explicitly disable SSL by setting useSSL=false, or set useSSL=true and provide truststore for server certificate verification.
Mon Jun 05 17:02:36 IST 2017 WARN: Establishing SSL connection without server's identity verification is not recommended. According to MySQL 5.5.45+, 5.6.26+ and 5.7.6+ requirements SSL connection must be established by default if explicit option isn't set. For compliance with existing applications not using SSL the verifyServerCertificate property is set to 'false'. You need either to explicitly disable SSL by setting useSSL=false, or set useSSL=true and provide truststore for server certificate verification.
Mon Jun 05 17:02:36 IST 2017 WARN: Establishing SSL connection without server's identity verification is not recommended. According to MySQL 5.5.45+, 5.6.26+ and 5.7.6+ requirements SSL connection must be established by default if explicit option isn't set. For compliance with existing applications not using SSL the verifyServerCertificate property is set to 'false'. You need either to explicitly disable SSL by setting useSSL=false, or set useSSL=true and provide truststore for server certificate verification.
Mon Jun 05 17:02:36 IST 2017 WARN: Establishing SSL connection without server's identity verification is not recommended. According to MySQL 5.5.45+, 5.6.26+ and 5.7.6+ requirements SSL connection must be established by default if explicit option isn't set. For compliance with existing applications not using SSL the verifyServerCertificate property is set to 'false'. You need either to explicitly disable SSL by setting useSSL=false, or set useSSL=true and provide truststore for server certificate verification.
Mon Jun 05 17:02:36 IST 2017 WARN: Establishing SSL connection without server's identity verification is not recommended. According to MySQL 5.5.45+, 5.6.26+ and 5.7.6+ requirements SSL connection must be established by default if explicit option isn't set. For compliance with existing applications not using SSL the verifyServerCertificate property is set to 'false'. You need either to explicitly disable SSL by setting useSSL=false, or set useSSL=true and provide truststore for server certificate verification.
Mon Jun 05 17:02:36 IST 2017 WARN: Establishing SSL connection without server's identity verification is not recommended. According to MySQL 5.5.45+, 5.6.26+ and 5.7.6+ requirements SSL connection must be established by default if explicit option isn't set. For compliance with existing applications not using SSL the verifyServerCertificate property is set to 'false'. You need either to explicitly disable SSL by setting useSSL=false, or set useSSL=true and provide truststore for server certificate verification.
Mon Jun 05 17:02:36 IST 2017 WARN: Establishing SSL connection without server's identity verification is not recommended. According to MySQL 5.5.45+, 5.6.26+ and 5.7.6+ requirements SSL connection must be established by default if explicit option isn't set. For compliance with existing applications not using SSL the verifyServerCertificate property is set to 'false'. You need either to explicitly disable SSL by setting useSSL=false, or set useSSL=true and provide truststore for server certificate verification.
]]></system-err>
  </testcase>
</testsuite>